#
# There is insufficient memory for the Java Runtime Environment to continue.
# Native memory allocation (malloc) failed to allocate 1794576 bytes for Chunk::new
# Possible reasons:
#   The system is out of physical RAM or swap space
#   The process is running with CompressedOops enabled, and the Java Heap may be blocking the growth of the native heap
# Possible solutions:
#   Reduce memory load on the system
#   Increase physical memory or swap space
#   Check if swap backing store is full
#   Decrease Java heap size (-Xmx/-Xms)
#   Decrease number of Java threads
#   Decrease Java thread stack sizes (-Xss)
#   Set larger code cache with -XX:ReservedCodeCacheSize=
#   JVM is running with Unscaled Compressed Oops mode in which the Java heap is
#     placed in the first 4GB address space. The Java Heap base address is the
#     maximum limit for the native heap growth. Please use -XX:HeapBaseMinAddress
#     to set the Java Heap base and to place the Java Heap above 4GB virtual address.
# This output file may be truncated or incomplete.
#
#  Out of Memory Error (./src/hotspot/share/memory/arena.cpp:197), pid=10376, tid=17500
#
# JRE version: OpenJDK Runtime Environment Microsoft-7208460 (11.0.18+10) (build 11.0.18+10-LTS)
# Java VM: OpenJDK 64-Bit Server VM Microsoft-7208460 (11.0.18+10-LTS, mixed mode, tiered, compressed oops, g1 gc, windows-amd64)
# No core dump will be written. Minidumps are not enabled by default on client versions of Windows
#

---------------  S U M M A R Y ------------

Command Line: -XX:MaxMetaspaceSize=512m --add-opens=java.base/java.util=ALL-UNNAMED --add-opens=java.base/java.lang=ALL-UNNAMED --add-opens=java.base/java.lang.invoke=ALL-UNNAMED --add-opens=java.base/java.util=ALL-UNNAMED --add-opens=java.prefs/java.util.prefs=ALL-UNNAMED --add-opens=java.prefs/java.util.prefs=ALL-UNNAMED --add-opens=java.base/java.nio.charset=ALL-UNNAMED --add-opens=java.base/java.net=ALL-UNNAMED --add-opens=java.base/java.util.concurrent.atomic=ALL-UNNAMED -Xmx2048m -Dfile.encoding=utf8 -Duser.country=IN -Duser.language=en -Duser.variant org.gradle.launcher.daemon.bootstrap.GradleDaemon 7.5.1

Host: Intel(R) Core(TM) i5-9300H CPU @ 2.40GHz, 8 cores, 7G,  Windows 11 , 64 bit Build 22621 (10.0.22621.1344)
Time: Wed Mar 22 19:06:23 2023 India Standard Time elapsed time: 4.663133 seconds (0d 0h 0m 4s)

---------------  T H R E A D  ---------------

Current thread (0x000001fd32e3f000):  JavaThread "C2 CompilerThread0" daemon [_thread_in_native, id=17500, stack(0x000000a2e2000000,0x000000a2e2100000)]


Current CompileTask:
C2:   4663 2242       4       java.net.URLClassLoader$1::run (5 bytes)

Stack: [0x000000a2e2000000,0x000000a2e2100000]
Native frames: (J=compiled Java code, j=interpreted, Vv=VM code, C=native code)
V  [jvm.dll+0x62bf8a]
V  [jvm.dll+0x7b8fb9]
V  [jvm.dll+0x7ba6a8]
V  [jvm.dll+0x7bad83]
V  [jvm.dll+0x250248]
V  [jvm.dll+0xc260c]
V  [jvm.dll+0xc2bcc]
V  [jvm.dll+0x35e182]
V  [jvm.dll+0x32a373]
V  [jvm.dll+0x3296aa]
V  [jvm.dll+0x2093b3]
V  [jvm.dll+0x20850d]
V  [jvm.dll+0x18a4b1]
V  [jvm.dll+0x217eec]
V  [jvm.dll+0x21612b]
V  [jvm.dll+0x77bac0]
V  [jvm.dll+0x7749f4]
V  [jvm.dll+0x62adf5]
C  [ucrtbase.dll+0x29363]
C  [KERNEL32.DLL+0x126bd]
C  [ntdll.dll+0x5a9f8]


---------------  P R O C E S S  ---------------

Threads class SMR info:
_java_thread_list=0x000001fd35602d40, length=23, elements={
0x000001fd11d9d800, 0x000001fd32e11800, 0x000001fd32e1a800, 0x000001fd32e30000,
0x000001fd32e33000, 0x000001fd32e36000, 0x000001fd32e3f000, 0x000001fd337d4000,
0x000001fd32e4c800, 0x000001fd3391d800, 0x000001fd349da000, 0x000001fd34b2f000,
0x000001fd34830000, 0x000001fd34b26000, 0x000001fd36d01000, 0x000001fd35659000,
0x000001fd34995000, 0x000001fd36ce5000, 0x000001fd36cea800, 0x000001fd349b1800,
0x000001fd36c82000, 0x000001fd36c86000, 0x000001fd36c83800
}

Java Threads: ( => current thread )
  0x000001fd11d9d800 JavaThread "main" [_thread_blocked, id=22484, stack(0x000000a2e1400000,0x000000a2e1500000)]
  0x000001fd32e11800 JavaThread "Reference Handler" daemon [_thread_blocked, id=21844, stack(0x000000a2e1b00000,0x000000a2e1c00000)]
  0x000001fd32e1a800 JavaThread "Finalizer" daemon [_thread_blocked, id=10028, stack(0x000000a2e1c00000,0x000000a2e1d00000)]
  0x000001fd32e30000 JavaThread "Signal Dispatcher" daemon [_thread_blocked, id=5092, stack(0x000000a2e1d00000,0x000000a2e1e00000)]
  0x000001fd32e33000 JavaThread "Attach Listener" daemon [_thread_blocked, id=14188, stack(0x000000a2e1e00000,0x000000a2e1f00000)]
  0x000001fd32e36000 JavaThread "Service Thread" daemon [_thread_blocked, id=12192, stack(0x000000a2e1f00000,0x000000a2e2000000)]
=>0x000001fd32e3f000 JavaThread "C2 CompilerThread0" daemon [_thread_in_native, id=17500, stack(0x000000a2e2000000,0x000000a2e2100000)]
  0x000001fd337d4000 JavaThread "C1 CompilerThread0" daemon [_thread_blocked, id=13708, stack(0x000000a2e2100000,0x000000a2e2200000)]
  0x000001fd32e4c800 JavaThread "Sweeper thread" daemon [_thread_blocked, id=10544, stack(0x000000a2e2200000,0x000000a2e2300000)]
  0x000001fd3391d800 JavaThread "Common-Cleaner" daemon [_thread_blocked, id=20864, stack(0x000000a2e2300000,0x000000a2e2400000)]
  0x000001fd349da000 JavaThread "Daemon health stats" [_thread_blocked, id=18748, stack(0x000000a2e2700000,0x000000a2e2800000)]
  0x000001fd34b2f000 JavaThread "Incoming local TCP Connector on port 62809" [_thread_in_native, id=8320, stack(0x000000a2e2800000,0x000000a2e2900000)]
  0x000001fd34830000 JavaThread "Daemon periodic checks" [_thread_blocked, id=15560, stack(0x000000a2e2900000,0x000000a2e2a00000)]
  0x000001fd34b26000 JavaThread "Daemon" [_thread_blocked, id=15160, stack(0x000000a2e2a00000,0x000000a2e2b00000)]
  0x000001fd36d01000 JavaThread "Handler for socket connection from /127.0.0.1:62809 to /127.0.0.1:62810" [_thread_in_native, id=7188, stack(0x000000a2e2b00000,0x000000a2e2c00000)]
  0x000001fd35659000 JavaThread "Cancel handler" [_thread_blocked, id=4004, stack(0x000000a2e2c00000,0x000000a2e2d00000)]
  0x000001fd34995000 JavaThread "Daemon worker" [_thread_in_Java, id=16500, stack(0x000000a2e2d00000,0x000000a2e2e00000)]
  0x000001fd36ce5000 JavaThread "Asynchronous log dispatcher for DefaultDaemonConnection: socket connection from /127.0.0.1:62809 to /127.0.0.1:62810" [_thread_blocked, id=19508, stack(0x000000a2e2e00000,0x000000a2e2f00000)]
  0x000001fd36cea800 JavaThread "Stdin handler" [_thread_blocked, id=3420, stack(0x000000a2e2f00000,0x000000a2e3000000)]
  0x000001fd349b1800 JavaThread "Daemon client event forwarder" [_thread_blocked, id=12932, stack(0x000000a2e3000000,0x000000a2e3100000)]
  0x000001fd36c82000 JavaThread "Cache worker for journal cache (C:\Users\kulde\.gradle\caches\journal-1)" [_thread_blocked, id=18552, stack(0x000000a2e3600000,0x000000a2e3700000)]
  0x000001fd36c86000 JavaThread "File lock request listener" [_thread_in_native, id=1116, stack(0x000000a2e3700000,0x000000a2e3800000)]
  0x000001fd36c83800 JavaThread "Cache worker for file hash cache (C:\Users\kulde\.gradle\caches\7.5.1\fileHashes)" [_thread_blocked, id=5012, stack(0x000000a2e3900000,0x000000a2e3a00000)]

Other Threads:
  0x000001fd32e0e800 VMThread "VM Thread" [stack: 0x000000a2e1a00000,0x000000a2e1b00000] [id=22048]
  0x000001fd33958800 WatcherThread [stack: 0x000000a2e2400000,0x000000a2e2500000] [id=11824]
  0x000001fd11db5800 GCTaskThread "GC Thread#0" [stack: 0x000000a2e1500000,0x000000a2e1600000] [id=13488]
  0x000001fd33d84800 GCTaskThread "GC Thread#1" [stack: 0x000000a2e2500000,0x000000a2e2600000] [id=18128]
  0x000001fd3426c800 GCTaskThread "GC Thread#2" [stack: 0x000000a2e2600000,0x000000a2e2700000] [id=19424]
  0x000001fd34966000 GCTaskThread "GC Thread#3" [stack: 0x000000a2e3100000,0x000000a2e3200000] [id=7456]
  0x000001fd34960000 GCTaskThread "GC Thread#4" [stack: 0x000000a2e3200000,0x000000a2e3300000] [id=2628]
  0x000001fd3498b000 GCTaskThread "GC Thread#5" [stack: 0x000000a2e3300000,0x000000a2e3400000] [id=18304]
  0x000001fd349a2000 GCTaskThread "GC Thread#6" [stack: 0x000000a2e3400000,0x000000a2e3500000] [id=12056]
  0x000001fd352d0800 GCTaskThread "GC Thread#7" [stack: 0x000000a2e3500000,0x000000a2e3600000] [id=17252]
  0x000001fd11deb000 ConcurrentGCThread "G1 Main Marker" [stack: 0x000000a2e1600000,0x000000a2e1700000] [id=10268]
  0x000001fd11dec800 ConcurrentGCThread "G1 Conc#0" [stack: 0x000000a2e1700000,0x000000a2e1800000] [id=16948]
  0x000001fd35265000 ConcurrentGCThread "G1 Conc#1" [stack: 0x000000a2e3800000,0x000000a2e3900000] [id=5768]
  0x000001fd32c80800 ConcurrentGCThread "G1 Refine#0" [stack: 0x000000a2e1800000,0x000000a2e1900000] [id=4292]
  0x000001fd32c82000 ConcurrentGCThread "G1 Young RemSet Sampling" [stack: 0x000000a2e1900000,0x000000a2e1a00000] [id=13816]

Threads with active compile tasks:
C2 CompilerThread0     4699 2242       4       java.net.URLClassLoader$1::run (5 bytes)

VM state:not at safepoint (normal execution)

VM Mutex/Monitor currently owned by a thread: None

Heap address: 0x0000000080000000, size: 2048 MB, Compressed Oops mode: 32-bit
Narrow klass base: 0x0000000000000000, Narrow klass shift: 3
Compressed class space size: 528482304 Address: 0x0000000100000000

Heap:
 garbage-first heap   total 131072K, used 24661K [0x0000000080000000, 0x0000000100000000)
  region size 1024K, 9 young (9216K), 3 survivors (3072K)
 Metaspace       used 26365K, capacity 26938K, committed 27184K, reserved 540672K
  class space    used 3410K, capacity 3635K, committed 3712K, reserved 516096K
Heap Regions: E=young(eden), S=young(survivor), O=old, HS=humongous(starts), HC=humongous(continues), CS=collection set, F=free, A=archive, TAMS=top-at-mark-start (previous, next)
|   0|0x0000000080000000, 0x0000000080100000, 0x0000000080100000|100%| O|  |TAMS 0x0000000080100000, 0x0000000080000000| Untracked 
|   1|0x0000000080100000, 0x0000000080200000, 0x0000000080200000|100%| O|  |TAMS 0x0000000080200000, 0x0000000080100000| Untracked 
|   2|0x0000000080200000, 0x0000000080300000, 0x0000000080300000|100%| O|  |TAMS 0x0000000080300000, 0x0000000080200000| Untracked 
|   3|0x0000000080300000, 0x0000000080400000, 0x0000000080400000|100%|HS|  |TAMS 0x0000000080400000, 0x0000000080300000| Complete 
|   4|0x0000000080400000, 0x0000000080500000, 0x0000000080500000|100%|HC|  |TAMS 0x0000000080500000, 0x0000000080400000| Complete 
|   5|0x0000000080500000, 0x0000000080600000, 0x0000000080600000|100%|HC|  |TAMS 0x0000000080600000, 0x0000000080500000| Complete 
|   6|0x0000000080600000, 0x0000000080700000, 0x0000000080700000|100%| O|  |TAMS 0x0000000080700000, 0x0000000080600000| Untracked 
|   7|0x0000000080700000, 0x0000000080800000, 0x0000000080800000|100%| O|  |TAMS 0x0000000080800000, 0x0000000080700000| Untracked 
|   8|0x0000000080800000, 0x0000000080900000, 0x0000000080900000|100%| O|  |TAMS 0x0000000080900000, 0x0000000080800000| Untracked 
|   9|0x0000000080900000, 0x0000000080a00000, 0x0000000080a00000|100%| O|  |TAMS 0x0000000080a00000, 0x0000000080900000| Untracked 
|  10|0x0000000080a00000, 0x0000000080b00000, 0x0000000080b00000|100%| O|  |TAMS 0x0000000080b00000, 0x0000000080a00000| Untracked 
|  11|0x0000000080b00000, 0x0000000080c00000, 0x0000000080c00000|100%| O|  |TAMS 0x0000000080c00000, 0x0000000080b00000| Untracked 
|  12|0x0000000080c00000, 0x0000000080d00000, 0x0000000080d00000|100%| O|  |TAMS 0x0000000080d00000, 0x0000000080c00000| Untracked 
|  13|0x0000000080d00000, 0x0000000080e00000, 0x0000000080e00000|100%| O|  |TAMS 0x0000000080e00000, 0x0000000080d00000| Untracked 
|  14|0x0000000080e00000, 0x0000000080f00000, 0x0000000080f00000|100%| O|  |TAMS 0x0000000080f00000, 0x0000000080e00000| Untracked 
|  15|0x0000000080f00000, 0x0000000081000000, 0x0000000081000000|100%| O|  |TAMS 0x0000000081000000, 0x0000000080f00000| Untracked 
|  16|0x0000000081000000, 0x0000000081083200, 0x0000000081100000| 51%| O|  |TAMS 0x0000000081083200, 0x0000000081000000| Untracked 
|  17|0x0000000081100000, 0x0000000081100000, 0x0000000081200000|  0%| F|  |TAMS 0x0000000081100000, 0x0000000081100000| Untracked 
|  18|0x0000000081200000, 0x0000000081200000, 0x0000000081300000|  0%| F|  |TAMS 0x0000000081200000, 0x0000000081200000| Untracked 
|  19|0x0000000081300000, 0x0000000081300000, 0x0000000081400000|  0%| F|  |TAMS 0x0000000081300000, 0x0000000081300000| Untracked 
|  20|0x0000000081400000, 0x0000000081400000, 0x0000000081500000|  0%| F|  |TAMS 0x0000000081400000, 0x0000000081400000| Untracked 
|  21|0x0000000081500000, 0x0000000081500000, 0x0000000081600000|  0%| F|  |TAMS 0x0000000081500000, 0x0000000081500000| Untracked 
|  22|0x0000000081600000, 0x0000000081600000, 0x0000000081700000|  0%| F|  |TAMS 0x0000000081600000, 0x0000000081600000| Untracked 
|  23|0x0000000081700000, 0x0000000081700000, 0x0000000081800000|  0%| F|  |TAMS 0x0000000081700000, 0x0000000081700000| Untracked 
|  24|0x0000000081800000, 0x0000000081800000, 0x0000000081900000|  0%| F|  |TAMS 0x0000000081800000, 0x0000000081800000| Untracked 
|  25|0x0000000081900000, 0x0000000081900000, 0x0000000081a00000|  0%| F|  |TAMS 0x0000000081900000, 0x0000000081900000| Untracked 
|  26|0x0000000081a00000, 0x0000000081a00000, 0x0000000081b00000|  0%| F|  |TAMS 0x0000000081a00000, 0x0000000081a00000| Untracked 
|  27|0x0000000081b00000, 0x0000000081b00000, 0x0000000081c00000|  0%| F|  |TAMS 0x0000000081b00000, 0x0000000081b00000| Untracked 
|  28|0x0000000081c00000, 0x0000000081c00000, 0x0000000081d00000|  0%| F|  |TAMS 0x0000000081c00000, 0x0000000081c00000| Untracked 
|  29|0x0000000081d00000, 0x0000000081d00000, 0x0000000081e00000|  0%| F|  |TAMS 0x0000000081d00000, 0x0000000081d00000| Untracked 
|  30|0x0000000081e00000, 0x0000000081e00000, 0x0000000081f00000|  0%| F|  |TAMS 0x0000000081e00000, 0x0000000081e00000| Untracked 
|  31|0x0000000081f00000, 0x0000000081f00000, 0x0000000082000000|  0%| F|  |TAMS 0x0000000081f00000, 0x0000000081f00000| Untracked 
|  32|0x0000000082000000, 0x0000000082000000, 0x0000000082100000|  0%| F|  |TAMS 0x0000000082000000, 0x0000000082000000| Untracked 
|  33|0x0000000082100000, 0x0000000082100000, 0x0000000082200000|  0%| F|  |TAMS 0x0000000082100000, 0x0000000082100000| Untracked 
|  34|0x0000000082200000, 0x0000000082200000, 0x0000000082300000|  0%| F|  |TAMS 0x0000000082200000, 0x0000000082200000| Untracked 
|  35|0x0000000082300000, 0x0000000082300000, 0x0000000082400000|  0%| F|  |TAMS 0x0000000082300000, 0x0000000082300000| Untracked 
|  36|0x0000000082400000, 0x0000000082400000, 0x0000000082500000|  0%| F|  |TAMS 0x0000000082400000, 0x0000000082400000| Untracked 
|  37|0x0000000082500000, 0x0000000082500000, 0x0000000082600000|  0%| F|  |TAMS 0x0000000082500000, 0x0000000082500000| Untracked 
|  38|0x0000000082600000, 0x0000000082600000, 0x0000000082700000|  0%| F|  |TAMS 0x0000000082600000, 0x0000000082600000| Untracked 
|  39|0x0000000082700000, 0x0000000082700000, 0x0000000082800000|  0%| F|  |TAMS 0x0000000082700000, 0x0000000082700000| Untracked 
|  40|0x0000000082800000, 0x0000000082800000, 0x0000000082900000|  0%| F|  |TAMS 0x0000000082800000, 0x0000000082800000| Untracked 
|  41|0x0000000082900000, 0x0000000082900000, 0x0000000082a00000|  0%| F|  |TAMS 0x0000000082900000, 0x0000000082900000| Untracked 
|  42|0x0000000082a00000, 0x0000000082a00000, 0x0000000082b00000|  0%| F|  |TAMS 0x0000000082a00000, 0x0000000082a00000| Untracked 
|  43|0x0000000082b00000, 0x0000000082b00000, 0x0000000082c00000|  0%| F|  |TAMS 0x0000000082b00000, 0x0000000082b00000| Untracked 
|  44|0x0000000082c00000, 0x0000000082c00000, 0x0000000082d00000|  0%| F|  |TAMS 0x0000000082c00000, 0x0000000082c00000| Untracked 
|  45|0x0000000082d00000, 0x0000000082d00000, 0x0000000082e00000|  0%| F|  |TAMS 0x0000000082d00000, 0x0000000082d00000| Untracked 
|  46|0x0000000082e00000, 0x0000000082e00000, 0x0000000082f00000|  0%| F|  |TAMS 0x0000000082e00000, 0x0000000082e00000| Untracked 
|  47|0x0000000082f00000, 0x0000000082f00000, 0x0000000083000000|  0%| F|  |TAMS 0x0000000082f00000, 0x0000000082f00000| Untracked 
|  48|0x0000000083000000, 0x0000000083000000, 0x0000000083100000|  0%| F|  |TAMS 0x0000000083000000, 0x0000000083000000| Untracked 
|  49|0x0000000083100000, 0x0000000083100000, 0x0000000083200000|  0%| F|  |TAMS 0x0000000083100000, 0x0000000083100000| Untracked 
|  50|0x0000000083200000, 0x0000000083200000, 0x0000000083300000|  0%| F|  |TAMS 0x0000000083200000, 0x0000000083200000| Untracked 
|  51|0x0000000083300000, 0x0000000083300000, 0x0000000083400000|  0%| F|  |TAMS 0x0000000083300000, 0x0000000083300000| Untracked 
|  52|0x0000000083400000, 0x0000000083400000, 0x0000000083500000|  0%| F|  |TAMS 0x0000000083400000, 0x0000000083400000| Untracked 
|  53|0x0000000083500000, 0x0000000083500000, 0x0000000083600000|  0%| F|  |TAMS 0x0000000083500000, 0x0000000083500000| Untracked 
|  54|0x0000000083600000, 0x0000000083600000, 0x0000000083700000|  0%| F|  |TAMS 0x0000000083600000, 0x0000000083600000| Untracked 
|  55|0x0000000083700000, 0x0000000083700000, 0x0000000083800000|  0%| F|  |TAMS 0x0000000083700000, 0x0000000083700000| Untracked 
|  56|0x0000000083800000, 0x0000000083800000, 0x0000000083900000|  0%| F|  |TAMS 0x0000000083800000, 0x0000000083800000| Untracked 
|  57|0x0000000083900000, 0x0000000083900000, 0x0000000083a00000|  0%| F|  |TAMS 0x0000000083900000, 0x0000000083900000| Untracked 
|  58|0x0000000083a00000, 0x0000000083a00000, 0x0000000083b00000|  0%| F|  |TAMS 0x0000000083a00000, 0x0000000083a00000| Untracked 
|  59|0x0000000083b00000, 0x0000000083b00000, 0x0000000083c00000|  0%| F|  |TAMS 0x0000000083b00000, 0x0000000083b00000| Untracked 
|  60|0x0000000083c00000, 0x0000000083c00000, 0x0000000083d00000|  0%| F|  |TAMS 0x0000000083c00000, 0x0000000083c00000| Untracked 
|  61|0x0000000083d00000, 0x0000000083d00000, 0x0000000083e00000|  0%| F|  |TAMS 0x0000000083d00000, 0x0000000083d00000| Untracked 
|  62|0x0000000083e00000, 0x0000000083e00000, 0x0000000083f00000|  0%| F|  |TAMS 0x0000000083e00000, 0x0000000083e00000| Untracked 
|  63|0x0000000083f00000, 0x0000000083f00000, 0x0000000084000000|  0%| F|  |TAMS 0x0000000083f00000, 0x0000000083f00000| Untracked 
|  64|0x0000000084000000, 0x0000000084000000, 0x0000000084100000|  0%| F|  |TAMS 0x0000000084000000, 0x0000000084000000| Untracked 
|  65|0x0000000084100000, 0x0000000084100000, 0x0000000084200000|  0%| F|  |TAMS 0x0000000084100000, 0x0000000084100000| Untracked 
|  66|0x0000000084200000, 0x0000000084200000, 0x0000000084300000|  0%| F|  |TAMS 0x0000000084200000, 0x0000000084200000| Untracked 
|  67|0x0000000084300000, 0x0000000084300000, 0x0000000084400000|  0%| F|  |TAMS 0x0000000084300000, 0x0000000084300000| Untracked 
|  68|0x0000000084400000, 0x0000000084400000, 0x0000000084500000|  0%| F|  |TAMS 0x0000000084400000, 0x0000000084400000| Untracked 
|  69|0x0000000084500000, 0x0000000084500000, 0x0000000084600000|  0%| F|  |TAMS 0x0000000084500000, 0x0000000084500000| Untracked 
|  70|0x0000000084600000, 0x0000000084600000, 0x0000000084700000|  0%| F|  |TAMS 0x0000000084600000, 0x0000000084600000| Untracked 
|  71|0x0000000084700000, 0x0000000084700000, 0x0000000084800000|  0%| F|  |TAMS 0x0000000084700000, 0x0000000084700000| Untracked 
|  72|0x0000000084800000, 0x0000000084800000, 0x0000000084900000|  0%| F|  |TAMS 0x0000000084800000, 0x0000000084800000| Untracked 
|  73|0x0000000084900000, 0x0000000084900000, 0x0000000084a00000|  0%| F|  |TAMS 0x0000000084900000, 0x0000000084900000| Untracked 
|  74|0x0000000084a00000, 0x0000000084a00000, 0x0000000084b00000|  0%| F|  |TAMS 0x0000000084a00000, 0x0000000084a00000| Untracked 
|  75|0x0000000084b00000, 0x0000000084b92230, 0x0000000084c00000| 57%| S|CS|TAMS 0x0000000084b00000, 0x0000000084b00000| Complete 
|  76|0x0000000084c00000, 0x0000000084d00000, 0x0000000084d00000|100%| S|CS|TAMS 0x0000000084c00000, 0x0000000084c00000| Complete 
|  77|0x0000000084d00000, 0x0000000084e00000, 0x0000000084e00000|100%| S|CS|TAMS 0x0000000084d00000, 0x0000000084d00000| Complete 
|  78|0x0000000084e00000, 0x0000000084e00000, 0x0000000084f00000|  0%| F|  |TAMS 0x0000000084e00000, 0x0000000084e00000| Untracked 
|  79|0x0000000084f00000, 0x0000000084f00000, 0x0000000085000000|  0%| F|  |TAMS 0x0000000084f00000, 0x0000000084f00000| Untracked 
|  80|0x0000000085000000, 0x0000000085000000, 0x0000000085100000|  0%| F|  |TAMS 0x0000000085000000, 0x0000000085000000| Untracked 
|  81|0x0000000085100000, 0x0000000085100000, 0x0000000085200000|  0%| F|  |TAMS 0x0000000085100000, 0x0000000085100000| Untracked 
|  82|0x0000000085200000, 0x0000000085200000, 0x0000000085300000|  0%| F|  |TAMS 0x0000000085200000, 0x0000000085200000| Untracked 
|  83|0x0000000085300000, 0x0000000085300000, 0x0000000085400000|  0%| F|  |TAMS 0x0000000085300000, 0x0000000085300000| Untracked 
|  84|0x0000000085400000, 0x0000000085400000, 0x0000000085500000|  0%| F|  |TAMS 0x0000000085400000, 0x0000000085400000| Untracked 
|  85|0x0000000085500000, 0x0000000085500000, 0x0000000085600000|  0%| F|  |TAMS 0x0000000085500000, 0x0000000085500000| Untracked 
|  86|0x0000000085600000, 0x0000000085600000, 0x0000000085700000|  0%| F|  |TAMS 0x0000000085600000, 0x0000000085600000| Untracked 
|  87|0x0000000085700000, 0x0000000085700000, 0x0000000085800000|  0%| F|  |TAMS 0x0000000085700000, 0x0000000085700000| Untracked 
|  88|0x0000000085800000, 0x0000000085800000, 0x0000000085900000|  0%| F|  |TAMS 0x0000000085800000, 0x0000000085800000| Untracked 
|  89|0x0000000085900000, 0x0000000085900000, 0x0000000085a00000|  0%| F|  |TAMS 0x0000000085900000, 0x0000000085900000| Untracked 
|  90|0x0000000085a00000, 0x0000000085a00000, 0x0000000085b00000|  0%| F|  |TAMS 0x0000000085a00000, 0x0000000085a00000| Untracked 
|  91|0x0000000085b00000, 0x0000000085b00000, 0x0000000085c00000|  0%| F|  |TAMS 0x0000000085b00000, 0x0000000085b00000| Untracked 
|  92|0x0000000085c00000, 0x0000000085c00000, 0x0000000085d00000|  0%| F|  |TAMS 0x0000000085c00000, 0x0000000085c00000| Untracked 
|  93|0x0000000085d00000, 0x0000000085d00000, 0x0000000085e00000|  0%| F|  |TAMS 0x0000000085d00000, 0x0000000085d00000| Untracked 
|  94|0x0000000085e00000, 0x0000000085e00000, 0x0000000085f00000|  0%| F|  |TAMS 0x0000000085e00000, 0x0000000085e00000| Untracked 
|  95|0x0000000085f00000, 0x0000000085f00000, 0x0000000086000000|  0%| F|  |TAMS 0x0000000085f00000, 0x0000000085f00000| Untracked 
|  96|0x0000000086000000, 0x0000000086000000, 0x0000000086100000|  0%| F|  |TAMS 0x0000000086000000, 0x0000000086000000| Untracked 
|  97|0x0000000086100000, 0x0000000086100000, 0x0000000086200000|  0%| F|  |TAMS 0x0000000086100000, 0x0000000086100000| Untracked 
|  98|0x0000000086200000, 0x0000000086200000, 0x0000000086300000|  0%| F|  |TAMS 0x0000000086200000, 0x0000000086200000| Untracked 
|  99|0x0000000086300000, 0x0000000086300000, 0x0000000086400000|  0%| F|  |TAMS 0x0000000086300000, 0x0000000086300000| Untracked 
| 100|0x0000000086400000, 0x0000000086400000, 0x0000000086500000|  0%| F|  |TAMS 0x0000000086400000, 0x0000000086400000| Untracked 
| 101|0x0000000086500000, 0x0000000086500000, 0x0000000086600000|  0%| F|  |TAMS 0x0000000086500000, 0x0000000086500000| Untracked 
| 102|0x0000000086600000, 0x0000000086600000, 0x0000000086700000|  0%| F|  |TAMS 0x0000000086600000, 0x0000000086600000| Untracked 
| 103|0x0000000086700000, 0x0000000086700000, 0x0000000086800000|  0%| F|  |TAMS 0x0000000086700000, 0x0000000086700000| Untracked 
| 104|0x0000000086800000, 0x0000000086800000, 0x0000000086900000|  0%| F|  |TAMS 0x0000000086800000, 0x0000000086800000| Untracked 
| 105|0x0000000086900000, 0x0000000086900000, 0x0000000086a00000|  0%| F|  |TAMS 0x0000000086900000, 0x0000000086900000| Untracked 
| 106|0x0000000086a00000, 0x0000000086a00000, 0x0000000086b00000|  0%| F|  |TAMS 0x0000000086a00000, 0x0000000086a00000| Untracked 
| 107|0x0000000086b00000, 0x0000000086b00000, 0x0000000086c00000|  0%| F|  |TAMS 0x0000000086b00000, 0x0000000086b00000| Untracked 
| 108|0x0000000086c00000, 0x0000000086c00000, 0x0000000086d00000|  0%| F|  |TAMS 0x0000000086c00000, 0x0000000086c00000| Untracked 
| 109|0x0000000086d00000, 0x0000000086d00000, 0x0000000086e00000|  0%| F|  |TAMS 0x0000000086d00000, 0x0000000086d00000| Untracked 
| 110|0x0000000086e00000, 0x0000000086e00000, 0x0000000086f00000|  0%| F|  |TAMS 0x0000000086e00000, 0x0000000086e00000| Untracked 
| 111|0x0000000086f00000, 0x0000000086f00000, 0x0000000087000000|  0%| F|  |TAMS 0x0000000086f00000, 0x0000000086f00000| Untracked 
| 112|0x0000000087000000, 0x0000000087000000, 0x0000000087100000|  0%| F|  |TAMS 0x0000000087000000, 0x0000000087000000| Untracked 
| 113|0x0000000087100000, 0x0000000087100000, 0x0000000087200000|  0%| F|  |TAMS 0x0000000087100000, 0x0000000087100000| Untracked 
| 114|0x0000000087200000, 0x0000000087200000, 0x0000000087300000|  0%| F|  |TAMS 0x0000000087200000, 0x0000000087200000| Untracked 
| 115|0x0000000087300000, 0x0000000087300000, 0x0000000087400000|  0%| F|  |TAMS 0x0000000087300000, 0x0000000087300000| Untracked 
| 116|0x0000000087400000, 0x0000000087400000, 0x0000000087500000|  0%| F|  |TAMS 0x0000000087400000, 0x0000000087400000| Untracked 
| 117|0x0000000087500000, 0x0000000087500000, 0x0000000087600000|  0%| F|  |TAMS 0x0000000087500000, 0x0000000087500000| Untracked 
| 118|0x0000000087600000, 0x0000000087600000, 0x0000000087700000|  0%| F|  |TAMS 0x0000000087600000, 0x0000000087600000| Untracked 
| 119|0x0000000087700000, 0x0000000087700000, 0x0000000087800000|  0%| F|  |TAMS 0x0000000087700000, 0x0000000087700000| Untracked 
| 120|0x0000000087800000, 0x0000000087800000, 0x0000000087900000|  0%| F|  |TAMS 0x0000000087800000, 0x0000000087800000| Untracked 
| 121|0x0000000087900000, 0x0000000087900000, 0x0000000087a00000|  0%| F|  |TAMS 0x0000000087900000, 0x0000000087900000| Untracked 
| 122|0x0000000087a00000, 0x0000000087a80800, 0x0000000087b00000| 50%| E|  |TAMS 0x0000000087a00000, 0x0000000087a00000| Complete 
| 123|0x0000000087b00000, 0x0000000087c00000, 0x0000000087c00000|100%| E|CS|TAMS 0x0000000087b00000, 0x0000000087b00000| Complete 
| 124|0x0000000087c00000, 0x0000000087d00000, 0x0000000087d00000|100%| E|CS|TAMS 0x0000000087c00000, 0x0000000087c00000| Complete 
| 125|0x0000000087d00000, 0x0000000087e00000, 0x0000000087e00000|100%| E|CS|TAMS 0x0000000087d00000, 0x0000000087d00000| Complete 
| 126|0x0000000087e00000, 0x0000000087f00000, 0x0000000087f00000|100%| E|CS|TAMS 0x0000000087e00000, 0x0000000087e00000| Complete 
| 127|0x0000000087f00000, 0x0000000088000000, 0x0000000088000000|100%| E|CS|TAMS 0x0000000087f00000, 0x0000000087f00000| Complete 

Card table byte_map: [0x000001fd2bb50000,0x000001fd2bf50000] _byte_map_base: 0x000001fd2b750000

Marking Bits (Prev, Next): (CMBitMap*) 0x000001fd11de25b0, (CMBitMap*) 0x000001fd11de2578
 Prev Bits: [0x000001fd2e350000, 0x000001fd30350000)
 Next Bits: [0x000001fd2c350000, 0x000001fd2e350000)

Polling page: 0x000001fd1bcc0000

Metaspace:

Usage:
  Non-class:     22.82 MB capacity,    22.43 MB ( 98%) used,   352.57 KB (  2%) free+waste,    51.00 KB ( <1%) overhead. 
      Class:      3.55 MB capacity,     3.33 MB ( 94%) used,   196.95 KB (  5%) free+waste,    25.56 KB ( <1%) overhead. 
       Both:     26.37 MB capacity,    25.76 MB ( 98%) used,   549.52 KB (  2%) free+waste,    76.56 KB ( <1%) overhead. 

Virtual space:
  Non-class space:       24.00 MB reserved,      22.92 MB ( 96%) committed 
      Class space:      504.00 MB reserved,       3.63 MB ( <1%) committed 
             Both:      528.00 MB reserved,      26.55 MB (  5%) committed 

Chunk freelists:
   Non-Class:  41.00 KB
       Class:  13.00 KB
        Both:  54.00 KB

MaxMetaspaceSize: 512.00 MB
CompressedClassSpaceSize: 504.00 MB
Initial GC threshold: 20.80 MB
Current GC threshold: 35.08 MB
CDS: off

CodeHeap 'non-profiled nmethods': size=120000Kb used=956Kb max_used=956Kb free=119043Kb
 bounds [0x000001fd237b0000, 0x000001fd23a20000, 0x000001fd2ace0000]
CodeHeap 'profiled nmethods': size=120000Kb used=4685Kb max_used=4685Kb free=115314Kb
 bounds [0x000001fd1c280000, 0x000001fd1c720000, 0x000001fd237b0000]
CodeHeap 'non-nmethods': size=5760Kb used=1229Kb max_used=1266Kb free=4530Kb
 bounds [0x000001fd1bce0000, 0x000001fd1bf50000, 0x000001fd1c280000]
 total_blobs=2830 nmethods=2323 adapters=419
 compilation: enabled
              stopped_count=0, restarted_count=0
 full_count=0

Compilation events (20 events):
Event: 4.604 Thread 0x000001fd337d4000 2329       3       org.objectweb.asm.Frame::<init> (10 bytes)
Event: 4.604 Thread 0x000001fd337d4000 nmethod 2329 0x000001fd1c705610 code [0x000001fd1c7057c0, 0x000001fd1c705978]
Event: 4.604 Thread 0x000001fd337d4000 2330       3       org.objectweb.asm.SymbolTable::addConstantMemberReference (147 bytes)
Event: 4.605 Thread 0x000001fd337d4000 nmethod 2330 0x000001fd1c705a10 code [0x000001fd1c705ca0, 0x000001fd1c7065c8]
Event: 4.605 Thread 0x000001fd337d4000 2331       3       org.objectweb.asm.SymbolTable::hash (20 bytes)
Event: 4.606 Thread 0x000001fd337d4000 nmethod 2331 0x000001fd1c706b90 code [0x000001fd1c706d60, 0x000001fd1c706f28]
Event: 4.606 Thread 0x000001fd337d4000 2332       3       org.objectweb.asm.Frame::getAbstractTypeFromDescriptor (415 bytes)
Event: 4.608 Thread 0x000001fd337d4000 nmethod 2332 0x000001fd1c707090 code [0x000001fd1c707420, 0x000001fd1c708eb8]
Event: 4.608 Thread 0x000001fd337d4000 2333       3       org.objectweb.asm.Frame::getLocal (46 bytes)
Event: 4.608 Thread 0x000001fd337d4000 nmethod 2333 0x000001fd1c709790 code [0x000001fd1c709940, 0x000001fd1c709b38]
Event: 4.608 Thread 0x000001fd337d4000 2334       3       org.objectweb.asm.Handler::getExceptionTableLength (21 bytes)
Event: 4.608 Thread 0x000001fd337d4000 nmethod 2334 0x000001fd1c709c10 code [0x000001fd1c709dc0, 0x000001fd1c709f58]
Event: 4.612 Thread 0x000001fd337d4000 2335       3       java.util.Collections$EmptySet::iterator (4 bytes)
Event: 4.612 Thread 0x000001fd337d4000 nmethod 2335 0x000001fd1c70a090 code [0x000001fd1c70a240, 0x000001fd1c70a398]
Event: 4.616 Thread 0x000001fd337d4000 2336       3       java.util.Collections$EmptyMap::entrySet (4 bytes)
Event: 4.616 Thread 0x000001fd337d4000 nmethod 2336 0x000001fd1c70a490 code [0x000001fd1c70a640, 0x000001fd1c70a798]
Event: 4.645 Thread 0x000001fd337d4000 2337       3       java.lang.reflect.Constructor::getRoot (5 bytes)
Event: 4.645 Thread 0x000001fd337d4000 nmethod 2337 0x000001fd1c70a890 code [0x000001fd1c70aa40, 0x000001fd1c70ab58]
Event: 4.658 Thread 0x000001fd337d4000 2338       3       jdk.internal.loader.ClassLoaders::platformClassLoader (4 bytes)
Event: 4.658 Thread 0x000001fd337d4000 nmethod 2338 0x000001fd1c70ac10 code [0x000001fd1c70adc0, 0x000001fd1c70aeb8]

GC Heap History (10 events):
Event: 1.000 GC heap before
{Heap before GC invocations=0 (full 0):
 garbage-first heap   total 131072K, used 29696K [0x0000000080000000, 0x0000000100000000)
  region size 1024K, 24 young (24576K), 0 survivors (0K)
 Metaspace       used 10089K, capacity 10278K, committed 10368K, reserved 526336K
  class space    used 1022K, capacity 1107K, committed 1152K, reserved 516096K
}
Event: 1.008 GC heap after
{Heap after GC invocations=1 (full 0):
 garbage-first heap   total 131072K, used 9675K [0x0000000080000000, 0x0000000100000000)
  region size 1024K, 3 young (3072K), 3 survivors (3072K)
 Metaspace       used 10089K, capacity 10278K, committed 10368K, reserved 526336K
  class space    used 1022K, capacity 1107K, committed 1152K, reserved 516096K
}
Event: 1.524 GC heap before
{Heap before GC invocations=1 (full 0):
 garbage-first heap   total 131072K, used 31179K [0x0000000080000000, 0x0000000100000000)
  region size 1024K, 24 young (24576K), 3 survivors (3072K)
 Metaspace       used 11209K, capacity 11459K, committed 11520K, reserved 526336K
  class space    used 1147K, capacity 1245K, committed 1280K, reserved 516096K
}
Event: 1.528 GC heap after
{Heap after GC invocations=2 (full 0):
 garbage-first heap   total 131072K, used 10492K [0x0000000080000000, 0x0000000100000000)
  region size 1024K, 1 young (1024K), 1 survivors (1024K)
 Metaspace       used 11209K, capacity 11459K, committed 11520K, reserved 526336K
  class space    used 1147K, capacity 1245K, committed 1280K, reserved 516096K
}
Event: 3.078 GC heap before
{Heap before GC invocations=2 (full 0):
 garbage-first heap   total 131072K, used 63740K [0x0000000080000000, 0x0000000100000000)
  region size 1024K, 52 young (53248K), 1 survivors (1024K)
 Metaspace       used 18149K, capacity 18538K, committed 18688K, reserved 532480K
  class space    used 2119K, capacity 2257K, committed 2304K, reserved 516096K
}
Event: 3.100 GC heap after
{Heap after GC invocations=3 (full 0):
 garbage-first heap   total 131072K, used 16886K [0x0000000080000000, 0x0000000100000000)
  region size 1024K, 7 young (7168K), 7 survivors (7168K)
 Metaspace       used 18149K, capacity 18538K, committed 18688K, reserved 532480K
  class space    used 2119K, capacity 2257K, committed 2304K, reserved 516096K
}
Event: 3.448 GC heap before
{Heap before GC invocations=3 (full 0):
 garbage-first heap   total 131072K, used 36342K [0x0000000080000000, 0x0000000100000000)
  region size 1024K, 27 young (27648K), 7 survivors (7168K)
 Metaspace       used 20728K, capacity 21161K, committed 21296K, reserved 536576K
  class space    used 2493K, capacity 2638K, committed 2688K, reserved 516096K
}
Event: 3.459 GC heap after
{Heap after GC invocations=4 (full 0):
 garbage-first heap   total 131072K, used 17813K [0x0000000080000000, 0x0000000100000000)
  region size 1024K, 1 young (1024K), 1 survivors (1024K)
 Metaspace       used 20728K, capacity 21161K, committed 21296K, reserved 536576K
  class space    used 2493K, capacity 2638K, committed 2688K, reserved 516096K
}
Event: 4.550 GC heap before
{Heap before GC invocations=5 (full 0):
 garbage-first heap   total 131072K, used 66965K [0x0000000080000000, 0x0000000100000000)
  region size 1024K, 50 young (51200K), 1 survivors (1024K)
 Metaspace       used 25627K, capacity 26216K, committed 26544K, reserved 540672K
  class space    used 3291K, capacity 3500K, committed 3584K, reserved 516096K
}
Event: 4.554 GC heap after
{Heap after GC invocations=6 (full 0):
 garbage-first heap   total 131072K, used 19541K [0x0000000080000000, 0x0000000100000000)
  region size 1024K, 3 young (3072K), 3 survivors (3072K)
 Metaspace       used 25627K, capacity 26216K, committed 26544K, reserved 540672K
  class space    used 3291K, capacity 3500K, committed 3584K, reserved 516096K
}

Deoptimization events (20 events):
Event: 3.432 Thread 0x000001fd34995000 DEOPT PACKING pc=0x000001fd1c2e8268 sp=0x000000a2e2df96b0
Event: 3.432 Thread 0x000001fd34995000 DEOPT UNPACKING pc=0x000001fd1bd2a95e sp=0x000000a2e2df8bb8 mode 0
Event: 3.432 Thread 0x000001fd34995000 Uncommon trap: trap_request=0xffffffcc fr.pc=0x000001fd2386c5f4 relative=0x00000000000002b4
Event: 3.432 Thread 0x000001fd34995000 Uncommon trap: reason=intrinsic_or_type_checked_inlining action=make_not_entrant pc=0x000001fd2386c5f4 method=java.util.Arrays.copyOf([Ljava/lang/Object;ILjava/lang/Class;)[Ljava/lang/Object; @ 35 c2
Event: 3.432 Thread 0x000001fd34995000 DEOPT PACKING pc=0x000001fd2386c5f4 sp=0x000000a2e2dfda60
Event: 3.432 Thread 0x000001fd34995000 DEOPT UNPACKING pc=0x000001fd1bd2a1af sp=0x000000a2e2dfd9f0 mode 2
Event: 3.613 Thread 0x000001fd34995000 DEOPT PACKING pc=0x000001fd1c5d0676 sp=0x000000a2e2dfc960
Event: 3.613 Thread 0x000001fd34995000 DEOPT UNPACKING pc=0x000001fd1bd2a95e sp=0x000000a2e2dfbe80 mode 0
Event: 3.675 Thread 0x000001fd34995000 Uncommon trap: trap_request=0xffffff4d fr.pc=0x000001fd23866830 relative=0x00000000000003b0
Event: 3.675 Thread 0x000001fd34995000 Uncommon trap: reason=unstable_if action=reinterpret pc=0x000001fd23866830 method=jdk.internal.org.objectweb.asm.Type.getArgumentsAndReturnSizes(Ljava/lang/String;)I @ 88 c2
Event: 3.675 Thread 0x000001fd34995000 DEOPT PACKING pc=0x000001fd23866830 sp=0x000000a2e2df9c80
Event: 3.675 Thread 0x000001fd34995000 DEOPT UNPACKING pc=0x000001fd1bd2a1af sp=0x000000a2e2df9c08 mode 2
Event: 3.949 Thread 0x000001fd34995000 Uncommon trap: trap_request=0xffffff4d fr.pc=0x000001fd238478e8 relative=0x0000000000000228
Event: 3.949 Thread 0x000001fd34995000 Uncommon trap: reason=unstable_if action=reinterpret pc=0x000001fd238478e8 method=java.util.concurrent.ConcurrentHashMap.get(Ljava/lang/Object;)Ljava/lang/Object; @ 76 c2
Event: 3.949 Thread 0x000001fd34995000 DEOPT PACKING pc=0x000001fd238478e8 sp=0x000000a2e2df8df0
Event: 3.949 Thread 0x000001fd34995000 DEOPT UNPACKING pc=0x000001fd1bd2a1af sp=0x000000a2e2df8d58 mode 2
Event: 4.412 Thread 0x000001fd34995000 DEOPT PACKING pc=0x000001fd1c3149f8 sp=0x000000a2e2df7030
Event: 4.412 Thread 0x000001fd34995000 DEOPT UNPACKING pc=0x000001fd1bd2a95e sp=0x000000a2e2df6530 mode 0
Event: 4.456 Thread 0x000001fd34995000 DEOPT PACKING pc=0x000001fd1c4d6950 sp=0x000000a2e2df8b70
Event: 4.457 Thread 0x000001fd34995000 DEOPT UNPACKING pc=0x000001fd1bd2a95e sp=0x000000a2e2df80f8 mode 0

Classes redefined (0 events):
No events

Internal exceptions (20 events):
Event: 3.361 Thread 0x000001fd34995000 Exception <a 'java/lang/NoSuchMethodError'{0x000000008741a120}: 'java.lang.Object java.lang.invoke.Invokers$Holder.linkToTargetMethod(java.lang.Object, java.lang.Object, java.lang.Object, java.lang.Object, java.lang.Object, java.lang.Object)'> (0x000000008741a120) thrown at [./src/hotspot/share/interpreter/linkResolver.cpp, line 773]
Event: 3.424 Thread 0x000001fd349b1800 Exception <a 'java/lang/NoSuchMethodError'{0x0000000087f0fcc0}: <clinit>> (0x0000000087f0fcc0) thrown at [./src/hotspot/share/prims/jni.cpp, line 1367]
Event: 3.424 Thread 0x000001fd349b1800 Exception <a 'java/lang/NoSuchMethodError'{0x0000000087f112b0}: <clinit>> (0x0000000087f112b0) thrown at [./src/hotspot/share/prims/jni.cpp, line 1367]
Event: 3.426 Thread 0x000001fd349b1800 Exception <a 'java/lang/NoSuchMethodError'{0x0000000087f19ee0}: <clinit>> (0x0000000087f19ee0) thrown at [./src/hotspot/share/prims/jni.cpp, line 1367]
Event: 3.429 Thread 0x000001fd349b1800 Exception <a 'java/lang/NoSuchMethodError'{0x0000000087f2c870}: <clinit>> (0x0000000087f2c870) thrown at [./src/hotspot/share/prims/jni.cpp, line 1367]
Event: 3.600 Thread 0x000001fd34995000 Exception <a 'java/lang/NoSuchMethodError'{0x00000000878a3450}: 'int java.lang.invoke.DirectMethodHandle$Holder.invokeSpecialIFC(java.lang.Object, java.lang.Object, java.lang.Object, java.lang.Object)'> (0x00000000878a3450) thrown at [./src/hotspot/share/interpreter/linkResolver.cpp, line 773]
Event: 3.602 Thread 0x000001fd34995000 Exception <a 'java/lang/NoSuchMethodError'{0x00000000878b1840}: 'java.lang.Object java.lang.invoke.DirectMethodHandle$Holder.invokeInterface(java.lang.Object, java.lang.Object, java.lang.Object)'> (0x00000000878b1840) thrown at [./src/hotspot/share/interpreter/linkResolver.cpp, line 773]
Event: 3.602 Thread 0x000001fd34995000 Exception <a 'java/lang/IncompatibleClassChangeError'{0x00000000878b4d18}: Found class java.lang.Object, but interface was expected> (0x00000000878b4d18) thrown at [./src/hotspot/share/interpreter/linkResolver.cpp, line 839]
Event: 3.717 Thread 0x000001fd34995000 Exception <a 'java/lang/NoSuchMethodError'{0x00000000871da628}: 'void java.lang.invoke.DirectMethodHandle$Holder.invokeSpecial(java.lang.Object, java.lang.Object, java.lang.Object, java.lang.Object, java.lang.Object)'> (0x00000000871da628) thrown at [./src/hotspot/share/interpreter/linkResolver.cpp, line 773]
Event: 3.746 Thread 0x000001fd34995000 Exception <a 'java/lang/NoSuchMethodError'{0x0000000086e04c28}: 'java.lang.Object java.lang.invoke.DirectMethodHandle$Holder.invokeSpecial(java.lang.Object, java.lang.Object, java.lang.Object, java.lang.Object, java.lang.Object, java.lang.Object, java.lang.Object, java.lang.Object, java.lang.Object)'> (0x0000000086e04c28) thrown at [./src/hotspot/share/interpreter/linkResolver.cpp, line 773]
Event: 3.844 Thread 0x000001fd34995000 Exception <a 'java/lang/NoSuchMethodError'{0x00000000864a8270}: 'java.lang.Object java.lang.invoke.DirectMethodHandle$Holder.invokeVirtual(java.lang.Object, java.lang.Object, java.lang.Object, java.lang.Object)'> (0x00000000864a8270) thrown at [./src/hotspot/share/interpreter/linkResolver.cpp, line 773]
Event: 4.056 Thread 0x000001fd34995000 Exception <a 'java/lang/NoSuchMethodError'{0x0000000085d57ab0}: 'void java.lang.invoke.DirectMethodHandle$Holder.invokeSpecial(java.lang.Object, java.lang.Object, java.lang.Object, java.lang.Object, java.lang.Object, java.lang.Object)'> (0x0000000085d57ab0) thrown at [./src/hotspot/share/interpreter/linkResolver.cpp, line 773]
Event: 4.063 Thread 0x000001fd34995000 Exception <a 'java/lang/NoSuchMethodError'{0x0000000085d85210}: 'java.lang.Object java.lang.invoke.DirectMethodHandle$Holder.invokeSpecial(java.lang.Object, java.lang.Object, java.lang.Object, java.lang.Object, java.lang.Object, java.lang.Object, java.lang.Object, java.lang.Object, int, int)'> (0x0000000085d85210) thrown at [./src/hotspot/share/interpreter/linkResolver.cpp, line 773]
Event: 4.067 Thread 0x000001fd34995000 Exception <a 'java/lang/NoSuchMethodError'{0x0000000085dad4b0}: 'java.lang.Object java.lang.invoke.Invokers$Holder.linkToTargetMethod(java.lang.Object, java.lang.Object, java.lang.Object, java.lang.Object, java.lang.Object, java.lang.Object, java.lang.Object)'> (0x0000000085dad4b0) thrown at [./src/hotspot/share/interpreter/linkResolver.cpp, line 773]
Event: 4.100 Thread 0x000001fd34995000 Exception <a 'java/lang/NoSuchMethodError'{0x0000000085caf188}: 'void java.lang.invoke.DirectMethodHandle$Holder.invokeSpecial(java.lang.Object, java.lang.Object, java.lang.Object, java.lang.Object, java.lang.Object, java.lang.Object, java.lang.Object)'> (0x0000000085caf188) thrown at [./src/hotspot/share/interpreter/linkResolver.cpp, line 773]
Event: 4.109 Thread 0x000001fd34995000 Exception <a 'java/lang/NoSuchMethodError'{0x0000000085cf1508}: 'java.lang.Object java.lang.invoke.DirectMethodHandle$Holder.invokeStatic(java.lang.Object, java.lang.Object, java.lang.Object, int, java.lang.Object, java.lang.Object)'> (0x0000000085cf1508) thrown at [./src/hotspot/share/interpreter/linkResolver.cpp, line 773]
Event: 4.110 Thread 0x000001fd34995000 Exception <a 'java/lang/NoSuchMethodError'{0x0000000085cf8c18}: 'java.lang.Object java.lang.invoke.Invokers$Holder.linkToTargetMethod(java.lang.Object, java.lang.Object, int, java.lang.Object, java.lang.Object, java.lang.Object)'> (0x0000000085cf8c18) thrown at [./src/hotspot/share/interpreter/linkResolver.cpp, line 773]
Event: 4.179 Thread 0x000001fd34995000 Exception <a 'java/lang/NoSuchMethodError'{0x0000000085aa94a0}: 'java.lang.Object java.lang.invoke.DirectMethodHandle$Holder.invokeVirtual(java.lang.Object, java.lang.Object, java.lang.Object, java.lang.Object, java.lang.Object, java.lang.Object, java.lang.Object, java.lang.Object, java.lang.Object, java.lang.Object, java.lang.Object, java.lang.Object, java.lang.Object, java.lang.Object, java.lang.Object, java.lang.Object, java.lang.Object, java.lang.Object, java.lang.Object, java.lang.Object, java.lang.Ob
Event: 4.385 Thread 0x000001fd34995000 Exception <a 'java/lang/NoSuchMethodError'{0x000000008529d180}: 'int java.lang.invoke.DirectMethodHandle$Holder.invokeStaticInit(java.lang.Object, java.lang.Object, java.lang.Object)'> (0x000000008529d180) thrown at [./src/hotspot/share/interpreter/linkResolver.cpp, line 773]
Event: 4.574 Thread 0x000001fd34995000 Exception <a 'java/lang/NoSuchMethodError'{0x0000000087f436e0}: 'void java.lang.invoke.DirectMethodHandle$Holder.invokeStaticInit(java.lang.Object, java.lang.Object)'> (0x0000000087f436e0) thrown at [./src/hotspot/share/interpreter/linkResolver.cpp, line 773]

Events (20 events):
Event: 4.654 loading class org/gradle/execution/plan/ValuedVfsHierarchy
Event: 4.654 loading class org/gradle/execution/plan/ValuedVfsHierarchy done
Event: 4.655 loading class org/gradle/internal/collect/PersistentList
Event: 4.655 loading class org/gradle/internal/collect/PersistentList done
Event: 4.656 loading class org/gradle/internal/collect/PersistentList$1
Event: 4.656 loading class org/gradle/internal/collect/PersistentList$1 done
Event: 4.656 loading class org/gradle/internal/collect/PersistentList$Cons
Event: 4.656 loading class org/gradle/internal/collect/PersistentList$Cons done
Event: 4.657 loading class org/gradle/execution/plan/SingleFileTreeElementMatcher
Event: 4.657 loading class org/gradle/execution/plan/SingleFileTreeElementMatcher done
Event: 4.657 loading class org/gradle/execution/plan/ExecutionPlan
Event: 4.657 loading class org/gradle/execution/plan/ExecutionPlan done
Event: 4.658 loading class org/gradle/internal/build/BuildOperationFiringBuildWorkPreparer
Event: 4.658 loading class org/gradle/internal/build/BuildOperationFiringBuildWorkPreparer done
Event: 4.659 loading class org/gradle/internal/taskgraph/CalculateTaskGraphBuildOperationType$TaskIdentity
Event: 4.659 loading class org/gradle/internal/taskgraph/CalculateTaskGraphBuildOperationType$TaskIdentity done
Event: 4.659 loading class org/gradle/internal/build/DefaultBuildWorkPreparer
Event: 4.659 loading class org/gradle/internal/build/DefaultBuildWorkPreparer done
Event: 4.660 loading class org/gradle/execution/BuildOperationFiringBuildWorkerExecutor
Event: 4.660 loading class org/gradle/execution/BuildOperationFiringBuildWorkerExecutor done


Dynamic libraries:
0x00007ff7f6a50000 - 0x00007ff7f6a5d000 	C:\Program Files\Microsoft\jdk-11.0.18.10-hotspot\bin\java.exe
0x00007ffca0c90000 - 0x00007ffca0ea4000 	C:\Windows\SYSTEM32\ntdll.dll
0x00007ffca0130000 - 0x00007ffca01f3000 	C:\Windows\System32\KERNEL32.DLL
0x00007ffc9e450000 - 0x00007ffc9e7ec000 	C:\Windows\System32\KERNELBASE.dll
0x00007ffc9e330000 - 0x00007ffc9e441000 	C:\Windows\System32\ucrtbase.dll
0x00007ffc97780000 - 0x00007ffc97797000 	C:\Program Files\Microsoft\jdk-11.0.18.10-hotspot\bin\jli.dll
0x00007ffc87a90000 - 0x00007ffc87aa5000 	C:\Program Files\Microsoft\jdk-11.0.18.10-hotspot\bin\VCRUNTIME140.dll
0x00007ffc9fc90000 - 0x00007ffc9fe3d000 	C:\Windows\System32\USER32.dll
0x00007ffc9e190000 - 0x00007ffc9e1b6000 	C:\Windows\System32\win32u.dll
0x00007ffca0470000 - 0x00007ffca0499000 	C:\Windows\System32\GDI32.dll
0x00007ffc7db30000 - 0x00007ffc7ddbe000 	C:\Windows\WinSxS\amd64_microsoft.windows.common-controls_6595b64144ccf1df_6.0.22621.608_none_a9444ca7c10bb01d\COMCTL32.dll
0x00007ffc9e980000 - 0x00007ffc9ea93000 	C:\Windows\System32\gdi32full.dll
0x00007ffc9ebd0000 - 0x00007ffc9ec77000 	C:\Windows\System32\msvcrt.dll
0x00007ffc9e7f0000 - 0x00007ffc9e88a000 	C:\Windows\System32\msvcp_win.dll
0x00007ffca0630000 - 0x00007ffca0661000 	C:\Windows\System32\IMM32.DLL
0x00007ffc4ae60000 - 0x00007ffc4aefb000 	C:\Program Files\Microsoft\jdk-11.0.18.10-hotspot\bin\msvcp140.dll
0x00007ffc42b20000 - 0x00007ffc436b2000 	C:\Program Files\Microsoft\jdk-11.0.18.10-hotspot\bin\server\jvm.dll
0x00007ffca0670000 - 0x00007ffca071e000 	C:\Windows\System32\ADVAPI32.dll
0x00007ffca03c0000 - 0x00007ffca0464000 	C:\Windows\System32\sechost.dll
0x00007ffca0740000 - 0x00007ffca0855000 	C:\Windows\System32\RPCRT4.dll
0x00007ffc9ebc0000 - 0x00007ffc9ebc8000 	C:\Windows\System32\PSAPI.DLL
0x00007ffc96240000 - 0x00007ffc96274000 	C:\Windows\SYSTEM32\WINMM.dll
0x00007ffc993a0000 - 0x00007ffc993a9000 	C:\Windows\SYSTEM32\WSOCK32.dll
0x00007ffc96140000 - 0x00007ffc9614a000 	C:\Windows\SYSTEM32\VERSION.dll
0x00007ffc9f470000 - 0x00007ffc9f4e1000 	C:\Windows\System32\WS2_32.dll
0x00007ffc9d120000 - 0x00007ffc9d138000 	C:\Windows\SYSTEM32\kernel.appcore.dll
0x00007ffc87a80000 - 0x00007ffc87a90000 	C:\Program Files\Microsoft\jdk-11.0.18.10-hotspot\bin\verify.dll
0x00007ffc9b840000 - 0x00007ffc9ba6e000 	C:\Windows\SYSTEM32\DBGHELP.DLL
0x00007ffca0860000 - 0x00007ffca0be9000 	C:\Windows\System32\combase.dll
0x00007ffc9fe40000 - 0x00007ffc9ff17000 	C:\Windows\System32\OLEAUT32.dll
0x00007ffc82470000 - 0x00007ffc824a2000 	C:\Windows\SYSTEM32\dbgcore.DLL
0x00007ffc9e890000 - 0x00007ffc9e90b000 	C:\Windows\System32\bcryptPrimitives.dll
0x00007ffc87a50000 - 0x00007ffc87a78000 	C:\Program Files\Microsoft\jdk-11.0.18.10-hotspot\bin\java.dll
0x00007ffc87a40000 - 0x00007ffc87a4a000 	C:\Program Files\Microsoft\jdk-11.0.18.10-hotspot\bin\jimage.dll
0x00007ffc87a20000 - 0x00007ffc87a38000 	C:\Program Files\Microsoft\jdk-11.0.18.10-hotspot\bin\zip.dll
0x00007ffc9ec80000 - 0x00007ffc9f470000 	C:\Windows\System32\SHELL32.dll
0x00007ffc9c0e0000 - 0x00007ffc9c9ae000 	C:\Windows\SYSTEM32\windows.storage.dll
0x00007ffc9bfa0000 - 0x00007ffc9c0de000 	C:\Windows\SYSTEM32\wintypes.dll
0x00007ffc9ff80000 - 0x00007ffca0071000 	C:\Windows\System32\SHCORE.dll
0x00007ffca05c0000 - 0x00007ffca061e000 	C:\Windows\System32\shlwapi.dll
0x00007ffc9e000000 - 0x00007ffc9e021000 	C:\Windows\SYSTEM32\profapi.dll
0x00007ffc86f30000 - 0x00007ffc86f49000 	C:\Program Files\Microsoft\jdk-11.0.18.10-hotspot\bin\net.dll
0x00007ffc971c0000 - 0x00007ffc972ef000 	C:\Windows\SYSTEM32\WINHTTP.dll
0x00007ffc9d680000 - 0x00007ffc9d6e9000 	C:\Windows\system32\mswsock.dll
0x00007ffc86f10000 - 0x00007ffc86f23000 	C:\Program Files\Microsoft\jdk-11.0.18.10-hotspot\bin\nio.dll
0x00007ffc87ab0000 - 0x00007ffc87ad7000 	C:\Users\kulde\.gradle\native\e1d6ef7f7dcc3fd88c89a11ec53ec762bb8ba0a96d01ffa2cd45eb1d1d8dd5c5\windows-amd64\native-platform.dll
0x00007ffc5cf30000 - 0x00007ffc5d074000 	C:\Users\kulde\.gradle\native\0d407fdbe67a94daf76414ababcb853783967236a71b16ec16e742cd7a986fd3\windows-amd64\native-platform-file-events.dll
0x00007ffc85d10000 - 0x00007ffc85d19000 	C:\Program Files\Microsoft\jdk-11.0.18.10-hotspot\bin\management.dll
0x00007ffc782a0000 - 0x00007ffc782ab000 	C:\Program Files\Microsoft\jdk-11.0.18.10-hotspot\bin\management_ext.dll
0x00007ffc9d8e0000 - 0x00007ffc9d8fb000 	C:\Windows\SYSTEM32\CRYPTSP.dll
0x00007ffc9d090000 - 0x00007ffc9d0c5000 	C:\Windows\system32\rsaenh.dll
0x00007ffc9d780000 - 0x00007ffc9d7a8000 	C:\Windows\SYSTEM32\USERENV.dll
0x00007ffc9daa0000 - 0x00007ffc9dac8000 	C:\Windows\SYSTEM32\bcrypt.dll
0x00007ffc9d900000 - 0x00007ffc9d90c000 	C:\Windows\SYSTEM32\CRYPTBASE.dll
0x00007ffc9cc00000 - 0x00007ffc9cc2d000 	C:\Windows\SYSTEM32\IPHLPAPI.DLL
0x00007ffca05b0000 - 0x00007ffca05b9000 	C:\Windows\System32\NSI.dll
0x00007ffc95ce0000 - 0x00007ffc95cf9000 	C:\Windows\SYSTEM32\dhcpcsvc6.DLL
0x00007ffc951c0000 - 0x00007ffc951df000 	C:\Windows\SYSTEM32\dhcpcsvc.DLL
0x00007ffc9cc70000 - 0x00007ffc9cd63000 	C:\Windows\SYSTEM32\DNSAPI.dll

dbghelp: loaded successfully - version: 4.0.5 - missing functions: none
symbol engine: initialized successfully - sym options: 0x614 - pdb path: .;C:\Program Files\Microsoft\jdk-11.0.18.10-hotspot\bin;C:\Windows\SYSTEM32;C:\Windows\WinSxS\amd64_microsoft.windows.common-controls_6595b64144ccf1df_6.0.22621.608_none_a9444ca7c10bb01d;C:\Program Files\Microsoft\jdk-11.0.18.10-hotspot\bin\server;C:\Users\kulde\.gradle\native\e1d6ef7f7dcc3fd88c89a11ec53ec762bb8ba0a96d01ffa2cd45eb1d1d8dd5c5\windows-amd64;C:\Users\kulde\.gradle\native\0d407fdbe67a94daf76414ababcb853783967236a71b16ec16e742cd7a986fd3\windows-amd64

VM Arguments:
jvm_args: -XX:MaxMetaspaceSize=512m --add-opens=java.base/java.util=ALL-UNNAMED --add-opens=java.base/java.lang=ALL-UNNAMED --add-opens=java.base/java.lang.invoke=ALL-UNNAMED --add-opens=java.base/java.util=ALL-UNNAMED --add-opens=java.prefs/java.util.prefs=ALL-UNNAMED --add-opens=java.prefs/java.util.prefs=ALL-UNNAMED --add-opens=java.base/java.nio.charset=ALL-UNNAMED --add-opens=java.base/java.net=ALL-UNNAMED --add-opens=java.base/java.util.concurrent.atomic=ALL-UNNAMED -Xmx2048m -Dfile.encoding=utf8 -Duser.country=IN -Duser.language=en -Duser.variant 
java_command: org.gradle.launcher.daemon.bootstrap.GradleDaemon 7.5.1
java_class_path (initial): C:\Users\kulde\.gradle\wrapper\dists\gradle-7.5.1-all\1ehga6e77gqps5uk2kc5kf1vc\gradle-7.5.1\lib\gradle-launcher-7.5.1.jar
Launcher Type: SUN_STANDARD

[Global flags]
     intx CICompilerCount                          = 4                                         {product} {ergonomic}
   size_t CompressedClassSpaceSize                 = 528482304                                 {product} {ergonomic}
     uint ConcGCThreads                            = 2                                         {product} {ergonomic}
     uint G1ConcRefinementThreads                  = 8                                         {product} {ergonomic}
   size_t G1HeapRegionSize                         = 1048576                                   {product} {ergonomic}
    uintx GCDrainStackTargetSize                   = 64                                        {product} {ergonomic}
   size_t InitialHeapSize                          = 134217728                                 {product} {ergonomic}
   size_t MarkStackSize                            = 4194304                                   {product} {ergonomic}
   size_t MaxHeapSize                              = 2147483648                                {product} {command line}
   size_t MaxMetaspaceSize                         = 536870912                                 {product} {command line}
   size_t MaxNewSize                               = 1287651328                                {product} {ergonomic}
   size_t MinHeapDeltaBytes                        = 1048576                                   {product} {ergonomic}
    uintx NonNMethodCodeHeapSize                   = 5836300                                {pd product} {ergonomic}
    uintx NonProfiledCodeHeapSize                  = 122910970                              {pd product} {ergonomic}
    uintx ProfiledCodeHeapSize                     = 122910970                              {pd product} {ergonomic}
    uintx ReservedCodeCacheSize                    = 251658240                              {pd product} {ergonomic}
     bool SegmentedCodeCache                       = true                                      {product} {ergonomic}
     bool UseCompressedClassPointers               = true                                 {lp64_product} {ergonomic}
     bool UseCompressedOops                        = true                                 {lp64_product} {ergonomic}
     bool UseG1GC                                  = true                                      {product} {ergonomic}
     bool UseLargePagesIndividualAllocation        = false                                  {pd product} {ergonomic}

Logging:
Log output configuration:
 #0: stdout all=warning uptime,level,tags
 #1: stderr all=off uptime,level,tags

Environment Variables:
JAVA_HOME=C:\Program Files\Microsoft\jdk-11.0.18.10-hotspot\
PATH=C:\Program Files\Microsoft\jdk-11.0.18.10-hotspot\bin;C:\Windows\system32;C:\Windows;C:\Windows\System32\Wbem;C:\Windows\System32\WindowsPowerShell\v1.0\;C:\Windows\System32\OpenSSH\;C:\Program Files\Git\cmd;C:\Program Files\Cloudflare\Cloudflare WARP\;;C:\Program Files (x86)\NVIDIA Corporation\PhysX\Common;C:\Program Files\PuTTY\;C:\ProgramData\chocolatey\bin;C:\Program Files\nodejs\;C:\Program Files\MySQL\MySQL Shell 8.0\bin\;C:\Users\kulde\AppData\Local\Programs\Python\Python310\Scripts\;C:\Users\kulde\AppData\Local\Programs\Python\Python310\;C:\Users\kulde\AppData\Local\Microsoft\WindowsApps;C:\Users\kulde\AppData\Local\Programs\Microsoft VS Code\bin;C:\MinGW\bin;C:\Program Files\JetBrains\IntelliJ IDEA Community Edition 2022.2.4\bin;;C:\Users\kulde\miniconda3\Scripts;C:\Users\kulde\miniconda3;C:\Users\kulde\AppData\Local\Android\Sdk\platform-tools;C:\Users\kulde\AppData\Roaming\npm;C:\src\flutter\bin;C:\tools\dart-sdk\bin;C:\Users\kulde\AppData\Roaming\Pub\Cache\bin;
USERNAME=kulde
OS=Windows_NT
PROCESSOR_IDENTIFIER=Intel64 Family 6 Model 158 Stepping 10, GenuineIntel
TMP=C:\Users\kulde\AppData\Local\Temp
TEMP=C:\Users\kulde\AppData\Local\Temp



---------------  S Y S T E M  ---------------

OS: Windows 11 , 64 bit Build 22621 (10.0.22621.1344)
OS uptime: 2 days 23:34 hours

CPU:total 8 (initial active 8) (4 cores per cpu, 2 threads per core) family 6 model 158 stepping 10 microcode 0xf0, cmov, cx8, fxsr, mmx, sse, sse2, sse3, ssse3, sse4.1, sse4.2, popcnt, avx, avx2, aes, clmul, erms, 3dnowpref, lzcnt, ht, tsc, tscinvbit, bmi1, bmi2, adx, fma

Memory: 4k page, system-wide physical 8103M (77M free)
TotalPageFile size 16197M (AvailPageFile size 162M)
current process WorkingSet (physical memory assigned to process): 183M, peak: 183M
current process commit charge ("private bytes"): 282M, peak: 283M

vm_info: OpenJDK 64-Bit Server VM (11.0.18+10-LTS) for windows-amd64 JRE (11.0.18+10-LTS), built on Jan 18 2023 15:56:47 by "MicrosoftCorporation" with MS VC++ 15.9 (VS2017)

END.
