#
# There is insufficient memory for the Java Runtime Environment to continue.
# Native memory allocation (malloc) failed to allocate 32744 bytes for ChunkPool::allocate
# Possible reasons:
#   The system is out of physical RAM or swap space
#   The process is running with CompressedOops enabled, and the Java Heap may be blocking the growth of the native heap
# Possible solutions:
#   Reduce memory load on the system
#   Increase physical memory or swap space
#   Check if swap backing store is full
#   Decrease Java heap size (-Xmx/-Xms)
#   Decrease number of Java threads
#   Decrease Java thread stack sizes (-Xss)
#   Set larger code cache with -XX:ReservedCodeCacheSize=
#   JVM is running with Unscaled Compressed Oops mode in which the Java heap is
#     placed in the first 4GB address space. The Java Heap base address is the
#     maximum limit for the native heap growth. Please use -XX:HeapBaseMinAddress
#     to set the Java Heap base and to place the Java Heap above 4GB virtual address.
# This output file may be truncated or incomplete.
#
#  Out of Memory Error (./src/hotspot/share/memory/arena.cpp:81), pid=5168, tid=15944
#
# JRE version: OpenJDK Runtime Environment Microsoft-7208460 (11.0.18+10) (build 11.0.18+10-LTS)
# Java VM: OpenJDK 64-Bit Server VM Microsoft-7208460 (11.0.18+10-LTS, mixed mode, tiered, compressed oops, g1 gc, windows-amd64)
# No core dump will be written. Minidumps are not enabled by default on client versions of Windows
#

---------------  S U M M A R Y ------------

Command Line: -Xmx64m -Xms64m -Dorg.gradle.appname=gradlew org.gradle.wrapper.GradleWrapperMain app:installDebug -PreactNativeDevServerPort=8081

Host: Intel(R) Core(TM) i5-9300H CPU @ 2.40GHz, 8 cores, 7G,  Windows 11 , 64 bit Build 22621 (10.0.22621.1344)
Time: Thu Mar 23 19:02:23 2023 India Standard Time elapsed time: 0.121128 seconds (0d 0h 0m 0s)

---------------  T H R E A D  ---------------

Current thread (0x000001b9ea3e4000):  JavaThread "C1 CompilerThread0" daemon [_thread_in_native, id=15944, stack(0x000000922e400000,0x000000922e500000)]


Current CompileTask:
C1:    121  157       3       java.lang.ProcessEnvironment$NameComparator::compare (90 bytes)

Stack: [0x000000922e400000,0x000000922e500000]
Native frames: (J=compiled Java code, j=interpreted, Vv=VM code, C=native code)
V  [jvm.dll+0x62bf8a]
V  [jvm.dll+0x7b8fb9]
V  [jvm.dll+0x7ba6a8]
V  [jvm.dll+0x7bad83]
V  [jvm.dll+0x250248]
V  [jvm.dll+0xc286b]
V  [jvm.dll+0xc2bcc]
V  [jvm.dll+0x225d48]
V  [jvm.dll+0x619055]
V  [jvm.dll+0x1700a0]
V  [jvm.dll+0x16dacb]
V  [jvm.dll+0x16deca]
V  [jvm.dll+0x1708e4]
V  [jvm.dll+0x12ae95]
V  [jvm.dll+0x12a70f]
V  [jvm.dll+0x12a93f]
V  [jvm.dll+0x129be4]
V  [jvm.dll+0x12baf7]
V  [jvm.dll+0x217eec]
V  [jvm.dll+0x21612b]
V  [jvm.dll+0x77bac0]
V  [jvm.dll+0x7749f4]
V  [jvm.dll+0x62adf5]
C  [ucrtbase.dll+0x29363]
C  [KERNEL32.DLL+0x126bd]
C  [ntdll.dll+0x5a9f8]


---------------  P R O C E S S  ---------------

Threads class SMR info:
_java_thread_list=0x000001b9eaeab060, length=10, elements={
0x000001b9cfce0800, 0x000001b9ea353000, 0x000001b9ea355000, 0x000001b9ea3da800,
0x000001b9ea3dc800, 0x000001b9ea3df800, 0x000001b9ea3e0800, 0x000001b9ea3e4000,
0x000001b9ea3e7800, 0x000001b9eaebd800
}

Java Threads: ( => current thread )
  0x000001b9cfce0800 JavaThread "main" [_thread_in_native, id=16868, stack(0x000000922d700000,0x000000922d800000)]
  0x000001b9ea353000 JavaThread "Reference Handler" daemon [_thread_blocked, id=1088, stack(0x000000922de00000,0x000000922df00000)]
  0x000001b9ea355000 JavaThread "Finalizer" daemon [_thread_blocked, id=13912, stack(0x000000922df00000,0x000000922e000000)]
  0x000001b9ea3da800 JavaThread "Signal Dispatcher" daemon [_thread_blocked, id=12660, stack(0x000000922e000000,0x000000922e100000)]
  0x000001b9ea3dc800 JavaThread "Attach Listener" daemon [_thread_blocked, id=20696, stack(0x000000922e100000,0x000000922e200000)]
  0x000001b9ea3df800 JavaThread "Service Thread" daemon [_thread_blocked, id=7176, stack(0x000000922e200000,0x000000922e300000)]
  0x000001b9ea3e0800 JavaThread "C2 CompilerThread0" daemon [_thread_blocked, id=13188, stack(0x000000922e300000,0x000000922e400000)]
=>0x000001b9ea3e4000 JavaThread "C1 CompilerThread0" daemon [_thread_in_native, id=15944, stack(0x000000922e400000,0x000000922e500000)]
  0x000001b9ea3e7800 JavaThread "Sweeper thread" daemon [_thread_blocked, id=6920, stack(0x000000922e500000,0x000000922e600000)]
  0x000001b9eaebd800 JavaThread "Common-Cleaner" daemon [_thread_blocked, id=21636, stack(0x000000922e700000,0x000000922e800000)]

Other Threads:
  0x000001b9ea34f800 VMThread "VM Thread" [stack: 0x000000922dd00000,0x000000922de00000] [id=14792]
  0x000001b9eaeb5000 WatcherThread [stack: 0x000000922e600000,0x000000922e700000] [id=19936]
  0x000001b9cfcf9800 GCTaskThread "GC Thread#0" [stack: 0x000000922d800000,0x000000922d900000] [id=3712]
  0x000001b9cfcff800 ConcurrentGCThread "G1 Main Marker" [stack: 0x000000922d900000,0x000000922da00000] [id=19724]
  0x000001b9cfd02000 ConcurrentGCThread "G1 Conc#0" [stack: 0x000000922da00000,0x000000922db00000] [id=21456]
  0x000001b9cfd67800 ConcurrentGCThread "G1 Refine#0" [stack: 0x000000922db00000,0x000000922dc00000] [id=19868]
  0x000001b9cfd6b000 ConcurrentGCThread "G1 Young RemSet Sampling" [stack: 0x000000922dc00000,0x000000922dd00000] [id=21980]

Threads with active compile tasks:
C1 CompilerThread0      151  157       3       java.lang.ProcessEnvironment$NameComparator::compare (90 bytes)

VM state:not at safepoint (normal execution)

VM Mutex/Monitor currently owned by a thread: None

Heap address: 0x00000000fc000000, size: 64 MB, Compressed Oops mode: 32-bit
Narrow klass base: 0x0000000000000000, Narrow klass shift: 3
Compressed class space size: 1073741824 Address: 0x0000000100000000

Heap:
 garbage-first heap   total 65536K, used 2048K [0x00000000fc000000, 0x0000000100000000)
  region size 1024K, 3 young (3072K), 0 survivors (0K)
 Metaspace       used 6524K, capacity 6598K, committed 6784K, reserved 1064960K
  class space    used 560K, capacity 600K, committed 640K, reserved 1048576K
Heap Regions: E=young(eden), S=young(survivor), O=old, HS=humongous(starts), HC=humongous(continues), CS=collection set, F=free, A=archive, TAMS=top-at-mark-start (previous, next)
|   0|0x00000000fc000000, 0x00000000fc000000, 0x00000000fc100000|  0%| F|  |TAMS 0x00000000fc000000, 0x00000000fc000000| Untracked 
|   1|0x00000000fc100000, 0x00000000fc100000, 0x00000000fc200000|  0%| F|  |TAMS 0x00000000fc100000, 0x00000000fc100000| Untracked 
|   2|0x00000000fc200000, 0x00000000fc200000, 0x00000000fc300000|  0%| F|  |TAMS 0x00000000fc200000, 0x00000000fc200000| Untracked 
|   3|0x00000000fc300000, 0x00000000fc300000, 0x00000000fc400000|  0%| F|  |TAMS 0x00000000fc300000, 0x00000000fc300000| Untracked 
|   4|0x00000000fc400000, 0x00000000fc400000, 0x00000000fc500000|  0%| F|  |TAMS 0x00000000fc400000, 0x00000000fc400000| Untracked 
|   5|0x00000000fc500000, 0x00000000fc500000, 0x00000000fc600000|  0%| F|  |TAMS 0x00000000fc500000, 0x00000000fc500000| Untracked 
|   6|0x00000000fc600000, 0x00000000fc600000, 0x00000000fc700000|  0%| F|  |TAMS 0x00000000fc600000, 0x00000000fc600000| Untracked 
|   7|0x00000000fc700000, 0x00000000fc700000, 0x00000000fc800000|  0%| F|  |TAMS 0x00000000fc700000, 0x00000000fc700000| Untracked 
|   8|0x00000000fc800000, 0x00000000fc800000, 0x00000000fc900000|  0%| F|  |TAMS 0x00000000fc800000, 0x00000000fc800000| Untracked 
|   9|0x00000000fc900000, 0x00000000fc900000, 0x00000000fca00000|  0%| F|  |TAMS 0x00000000fc900000, 0x00000000fc900000| Untracked 
|  10|0x00000000fca00000, 0x00000000fca00000, 0x00000000fcb00000|  0%| F|  |TAMS 0x00000000fca00000, 0x00000000fca00000| Untracked 
|  11|0x00000000fcb00000, 0x00000000fcb00000, 0x00000000fcc00000|  0%| F|  |TAMS 0x00000000fcb00000, 0x00000000fcb00000| Untracked 
|  12|0x00000000fcc00000, 0x00000000fcc00000, 0x00000000fcd00000|  0%| F|  |TAMS 0x00000000fcc00000, 0x00000000fcc00000| Untracked 
|  13|0x00000000fcd00000, 0x00000000fcd00000, 0x00000000fce00000|  0%| F|  |TAMS 0x00000000fcd00000, 0x00000000fcd00000| Untracked 
|  14|0x00000000fce00000, 0x00000000fce00000, 0x00000000fcf00000|  0%| F|  |TAMS 0x00000000fce00000, 0x00000000fce00000| Untracked 
|  15|0x00000000fcf00000, 0x00000000fcf00000, 0x00000000fd000000|  0%| F|  |TAMS 0x00000000fcf00000, 0x00000000fcf00000| Untracked 
|  16|0x00000000fd000000, 0x00000000fd000000, 0x00000000fd100000|  0%| F|  |TAMS 0x00000000fd000000, 0x00000000fd000000| Untracked 
|  17|0x00000000fd100000, 0x00000000fd100000, 0x00000000fd200000|  0%| F|  |TAMS 0x00000000fd100000, 0x00000000fd100000| Untracked 
|  18|0x00000000fd200000, 0x00000000fd200000, 0x00000000fd300000|  0%| F|  |TAMS 0x00000000fd200000, 0x00000000fd200000| Untracked 
|  19|0x00000000fd300000, 0x00000000fd300000, 0x00000000fd400000|  0%| F|  |TAMS 0x00000000fd300000, 0x00000000fd300000| Untracked 
|  20|0x00000000fd400000, 0x00000000fd400000, 0x00000000fd500000|  0%| F|  |TAMS 0x00000000fd400000, 0x00000000fd400000| Untracked 
|  21|0x00000000fd500000, 0x00000000fd500000, 0x00000000fd600000|  0%| F|  |TAMS 0x00000000fd500000, 0x00000000fd500000| Untracked 
|  22|0x00000000fd600000, 0x00000000fd600000, 0x00000000fd700000|  0%| F|  |TAMS 0x00000000fd600000, 0x00000000fd600000| Untracked 
|  23|0x00000000fd700000, 0x00000000fd700000, 0x00000000fd800000|  0%| F|  |TAMS 0x00000000fd700000, 0x00000000fd700000| Untracked 
|  24|0x00000000fd800000, 0x00000000fd800000, 0x00000000fd900000|  0%| F|  |TAMS 0x00000000fd800000, 0x00000000fd800000| Untracked 
|  25|0x00000000fd900000, 0x00000000fd900000, 0x00000000fda00000|  0%| F|  |TAMS 0x00000000fd900000, 0x00000000fd900000| Untracked 
|  26|0x00000000fda00000, 0x00000000fda00000, 0x00000000fdb00000|  0%| F|  |TAMS 0x00000000fda00000, 0x00000000fda00000| Untracked 
|  27|0x00000000fdb00000, 0x00000000fdb00000, 0x00000000fdc00000|  0%| F|  |TAMS 0x00000000fdb00000, 0x00000000fdb00000| Untracked 
|  28|0x00000000fdc00000, 0x00000000fdc00000, 0x00000000fdd00000|  0%| F|  |TAMS 0x00000000fdc00000, 0x00000000fdc00000| Untracked 
|  29|0x00000000fdd00000, 0x00000000fdd00000, 0x00000000fde00000|  0%| F|  |TAMS 0x00000000fdd00000, 0x00000000fdd00000| Untracked 
|  30|0x00000000fde00000, 0x00000000fde00000, 0x00000000fdf00000|  0%| F|  |TAMS 0x00000000fde00000, 0x00000000fde00000| Untracked 
|  31|0x00000000fdf00000, 0x00000000fdf00000, 0x00000000fe000000|  0%| F|  |TAMS 0x00000000fdf00000, 0x00000000fdf00000| Untracked 
|  32|0x00000000fe000000, 0x00000000fe000000, 0x00000000fe100000|  0%| F|  |TAMS 0x00000000fe000000, 0x00000000fe000000| Untracked 
|  33|0x00000000fe100000, 0x00000000fe100000, 0x00000000fe200000|  0%| F|  |TAMS 0x00000000fe100000, 0x00000000fe100000| Untracked 
|  34|0x00000000fe200000, 0x00000000fe200000, 0x00000000fe300000|  0%| F|  |TAMS 0x00000000fe200000, 0x00000000fe200000| Untracked 
|  35|0x00000000fe300000, 0x00000000fe300000, 0x00000000fe400000|  0%| F|  |TAMS 0x00000000fe300000, 0x00000000fe300000| Untracked 
|  36|0x00000000fe400000, 0x00000000fe400000, 0x00000000fe500000|  0%| F|  |TAMS 0x00000000fe400000, 0x00000000fe400000| Untracked 
|  37|0x00000000fe500000, 0x00000000fe500000, 0x00000000fe600000|  0%| F|  |TAMS 0x00000000fe500000, 0x00000000fe500000| Untracked 
|  38|0x00000000fe600000, 0x00000000fe600000, 0x00000000fe700000|  0%| F|  |TAMS 0x00000000fe600000, 0x00000000fe600000| Untracked 
|  39|0x00000000fe700000, 0x00000000fe700000, 0x00000000fe800000|  0%| F|  |TAMS 0x00000000fe700000, 0x00000000fe700000| Untracked 
|  40|0x00000000fe800000, 0x00000000fe800000, 0x00000000fe900000|  0%| F|  |TAMS 0x00000000fe800000, 0x00000000fe800000| Untracked 
|  41|0x00000000fe900000, 0x00000000fe900000, 0x00000000fea00000|  0%| F|  |TAMS 0x00000000fe900000, 0x00000000fe900000| Untracked 
|  42|0x00000000fea00000, 0x00000000fea00000, 0x00000000feb00000|  0%| F|  |TAMS 0x00000000fea00000, 0x00000000fea00000| Untracked 
|  43|0x00000000feb00000, 0x00000000feb00000, 0x00000000fec00000|  0%| F|  |TAMS 0x00000000feb00000, 0x00000000feb00000| Untracked 
|  44|0x00000000fec00000, 0x00000000fec00000, 0x00000000fed00000|  0%| F|  |TAMS 0x00000000fec00000, 0x00000000fec00000| Untracked 
|  45|0x00000000fed00000, 0x00000000fed00000, 0x00000000fee00000|  0%| F|  |TAMS 0x00000000fed00000, 0x00000000fed00000| Untracked 
|  46|0x00000000fee00000, 0x00000000fee00000, 0x00000000fef00000|  0%| F|  |TAMS 0x00000000fee00000, 0x00000000fee00000| Untracked 
|  47|0x00000000fef00000, 0x00000000fef00000, 0x00000000ff000000|  0%| F|  |TAMS 0x00000000fef00000, 0x00000000fef00000| Untracked 
|  48|0x00000000ff000000, 0x00000000ff000000, 0x00000000ff100000|  0%| F|  |TAMS 0x00000000ff000000, 0x00000000ff000000| Untracked 
|  49|0x00000000ff100000, 0x00000000ff100000, 0x00000000ff200000|  0%| F|  |TAMS 0x00000000ff100000, 0x00000000ff100000| Untracked 
|  50|0x00000000ff200000, 0x00000000ff200000, 0x00000000ff300000|  0%| F|  |TAMS 0x00000000ff200000, 0x00000000ff200000| Untracked 
|  51|0x00000000ff300000, 0x00000000ff300000, 0x00000000ff400000|  0%| F|  |TAMS 0x00000000ff300000, 0x00000000ff300000| Untracked 
|  52|0x00000000ff400000, 0x00000000ff400000, 0x00000000ff500000|  0%| F|  |TAMS 0x00000000ff400000, 0x00000000ff400000| Untracked 
|  53|0x00000000ff500000, 0x00000000ff500000, 0x00000000ff600000|  0%| F|  |TAMS 0x00000000ff500000, 0x00000000ff500000| Untracked 
|  54|0x00000000ff600000, 0x00000000ff600000, 0x00000000ff700000|  0%| F|  |TAMS 0x00000000ff600000, 0x00000000ff600000| Untracked 
|  55|0x00000000ff700000, 0x00000000ff700000, 0x00000000ff800000|  0%| F|  |TAMS 0x00000000ff700000, 0x00000000ff700000| Untracked 
|  56|0x00000000ff800000, 0x00000000ff800000, 0x00000000ff900000|  0%| F|  |TAMS 0x00000000ff800000, 0x00000000ff800000| Untracked 
|  57|0x00000000ff900000, 0x00000000ff900000, 0x00000000ffa00000|  0%| F|  |TAMS 0x00000000ff900000, 0x00000000ff900000| Untracked 
|  58|0x00000000ffa00000, 0x00000000ffa00000, 0x00000000ffb00000|  0%| F|  |TAMS 0x00000000ffa00000, 0x00000000ffa00000| Untracked 
|  59|0x00000000ffb00000, 0x00000000ffb00000, 0x00000000ffc00000|  0%| F|  |TAMS 0x00000000ffb00000, 0x00000000ffb00000| Untracked 
|  60|0x00000000ffc00000, 0x00000000ffc00000, 0x00000000ffd00000|  0%| F|  |TAMS 0x00000000ffc00000, 0x00000000ffc00000| Untracked 
|  61|0x00000000ffd00000, 0x00000000ffd7b648, 0x00000000ffe00000| 48%| E|  |TAMS 0x00000000ffd00000, 0x00000000ffd00000| Complete 
|  62|0x00000000ffe00000, 0x00000000fff00000, 0x00000000fff00000|100%| E|CS|TAMS 0x00000000ffe00000, 0x00000000ffe00000| Complete 
|  63|0x00000000fff00000, 0x0000000100000000, 0x0000000100000000|100%| E|CS|TAMS 0x00000000fff00000, 0x00000000fff00000| Complete 

Card table byte_map: [0x000001b9cdca0000,0x000001b9cdcc0000] _byte_map_base: 0x000001b9cd4c0000

Marking Bits (Prev, Next): (CMBitMap*) 0x000001b9cfcfe948, (CMBitMap*) 0x000001b9cfcfe980
 Prev Bits: [0x000001b9e7780000, 0x000001b9e7880000)
 Next Bits: [0x000001b9e7880000, 0x000001b9e7980000)

Polling page: 0x000001b9cdc50000

Metaspace:

Usage:
  Non-class:      5.86 MB capacity,     5.83 MB (>99%) used,    23.75 KB ( <1%) free+waste,     3.25 KB ( <1%) overhead. 
      Class:    600.00 KB capacity,   560.64 KB ( 93%) used,    37.92 KB (  6%) free+waste,     1.44 KB ( <1%) overhead. 
       Both:      6.44 MB capacity,     6.38 MB ( 99%) used,    61.67 KB ( <1%) free+waste,     4.69 KB ( <1%) overhead. 

Virtual space:
  Non-class space:       16.00 MB reserved,       6.00 MB ( 38%) committed 
      Class space:        1.00 GB reserved,     640.00 KB ( <1%) committed 
             Both:        1.02 GB reserved,       6.63 MB ( <1%) committed 

Chunk freelists:
   Non-Class:  18.00 KB
       Class:  8.00 KB
        Both:  26.00 KB

MaxMetaspaceSize: 17179869184.00 GB
CompressedClassSpaceSize: 1.00 GB
Initial GC threshold: 20.80 MB
Current GC threshold: 20.80 MB
CDS: off

CodeHeap 'non-profiled nmethods': size=120000Kb used=49Kb max_used=49Kb free=119950Kb
 bounds [0x000001b9dff20000, 0x000001b9e0190000, 0x000001b9e7450000]
CodeHeap 'profiled nmethods': size=120000Kb used=175Kb max_used=175Kb free=119824Kb
 bounds [0x000001b9d89f0000, 0x000001b9d8c60000, 0x000001b9dff20000]
CodeHeap 'non-nmethods': size=5760Kb used=1104Kb max_used=1116Kb free=4655Kb
 bounds [0x000001b9d8450000, 0x000001b9d86c0000, 0x000001b9d89f0000]
 total_blobs=508 nmethods=156 adapters=265
 compilation: enabled
              stopped_count=0, restarted_count=0
 full_count=0

Compilation events (20 events):
Event: 0.111 Thread 0x000001b9ea3e4000 nmethod 140 0x000001b9dff2a490 code [0x000001b9dff2a640, 0x000001b9dff2a6f8]
Event: 0.111 Thread 0x000001b9ea3e4000  143       1       java.lang.invoke.MethodType::form (5 bytes)
Event: 0.111 Thread 0x000001b9ea3e4000 nmethod 143 0x000001b9dff2aa90 code [0x000001b9dff2ac40, 0x000001b9dff2acf8]
Event: 0.113 Thread 0x000001b9ea3e4000  144       3       jdk.internal.org.objectweb.asm.ByteVector::putUTF8 (142 bytes)
Event: 0.114 Thread 0x000001b9ea3e4000 nmethod 144 0x000001b9d8a18a10 code [0x000001b9d8a18ca0, 0x000001b9d8a19788]
Event: 0.114 Thread 0x000001b9ea3e4000  147       3       java.lang.String::lastIndexOf (12 bytes)
Event: 0.115 Thread 0x000001b9ea3e4000 nmethod 147 0x000001b9d8a19c90 code [0x000001b9d8a19e80, 0x000001b9d8a1a258]
Event: 0.115 Thread 0x000001b9ea3e4000  148       3       java.lang.String::substring (58 bytes)
Event: 0.115 Thread 0x000001b9ea3e4000 nmethod 148 0x000001b9d8a1a410 code [0x000001b9d8a1a640, 0x000001b9d8a1acc8]
Event: 0.115 Thread 0x000001b9ea3e4000  149       3       java.lang.String::indexOf (29 bytes)
Event: 0.115 Thread 0x000001b9ea3e0800  150       4       java.lang.StringLatin1::indexOf (61 bytes)
Event: 0.115 Thread 0x000001b9ea3e4000 nmethod 149 0x000001b9d8a1af10 code [0x000001b9d8a1b0e0, 0x000001b9d8a1b358]
Event: 0.117 Thread 0x000001b9ea3e4000  151       3       java.lang.Character::toUpperCase (6 bytes)
Event: 0.117 Thread 0x000001b9ea3e4000 nmethod 151 0x000001b9d8a1b490 code [0x000001b9d8a1b660, 0x000001b9d8a1b898]
Event: 0.117 Thread 0x000001b9ea3e4000  153       3       java.lang.CharacterDataLatin1::toUpperCase (53 bytes)
Event: 0.117 Thread 0x000001b9ea3e4000 nmethod 153 0x000001b9d8a1b990 code [0x000001b9d8a1bb60, 0x000001b9d8a1bdd8]
Event: 0.117 Thread 0x000001b9ea3e4000  157       3       java.lang.ProcessEnvironment$NameComparator::compare (90 bytes)
Event: 0.118 Thread 0x000001b9ea3e0800 nmethod 150 0x000001b9dff2b390 code [0x000001b9dff2b520, 0x000001b9dff2b6b8]
Event: 0.118 Thread 0x000001b9ea3e0800  154       4       java.lang.CharacterDataLatin1::getProperties (11 bytes)
Event: 0.119 Thread 0x000001b9ea3e0800 nmethod 154 0x000001b9dff2b810 code [0x000001b9dff2b9a0, 0x000001b9dff2ba38]

GC Heap History (0 events):
No events

Deoptimization events (4 events):
Event: 0.068 Thread 0x000001b9cfce0800 Uncommon trap: trap_request=0xffffff4d fr.pc=0x000001b9dff24024 relative=0x0000000000000184
Event: 0.068 Thread 0x000001b9cfce0800 Uncommon trap: reason=unstable_if action=reinterpret pc=0x000001b9dff24024 method=java.lang.String.hashCode()I @ 14 c2
Event: 0.068 Thread 0x000001b9cfce0800 DEOPT PACKING pc=0x000001b9dff24024 sp=0x000000922d7fd320
Event: 0.068 Thread 0x000001b9cfce0800 DEOPT UNPACKING pc=0x000001b9d849a1af sp=0x000000922d7fd2b8 mode 2

Classes redefined (0 events):
No events

Internal exceptions (0 events):
No events

Events (20 events):
Event: 0.116 loading class java/lang/ProcessEnvironment$CheckedEntry
Event: 0.116 loading class java/lang/ProcessEnvironment$CheckedEntry done
Event: 0.116 loading class java/util/TreeMap$Entry
Event: 0.116 loading class java/util/TreeMap$Entry done
Event: 0.117 loading class org/gradle/wrapper/SystemPropertiesHandler
Event: 0.117 loading class org/gradle/wrapper/SystemPropertiesHandler done
Event: 0.117 loading class java/io/IOException
Event: 0.117 loading class java/io/IOException done
Event: 0.118 loading class java/util/Properties$LineReader
Event: 0.118 loading class java/util/Properties$LineReader done
Event: 0.118 loading class java/io/FileInputStream$1
Event: 0.118 loading class java/io/FileInputStream$1 done
Event: 0.118 loading class java/util/concurrent/ConcurrentHashMap$KeySetView
Event: 0.118 loading class java/util/concurrent/ConcurrentHashMap$KeySetView done
Event: 0.118 loading class java/util/concurrent/ConcurrentHashMap$KeyIterator
Event: 0.118 loading class java/util/concurrent/ConcurrentHashMap$KeyIterator done
Event: 0.118 loading class org/gradle/wrapper/Logger
Event: 0.118 loading class org/gradle/wrapper/Logger done
Event: 0.118 loading class org/gradle/wrapper/WrapperExecutor
Event: 0.118 loading class org/gradle/wrapper/WrapperExecutor done


Dynamic libraries:
0x00007ff6a9360000 - 0x00007ff6a936d000 	C:\Program Files\Microsoft\jdk-11.0.18.10-hotspot\bin\java.exe
0x00007ffca0c90000 - 0x00007ffca0ea4000 	C:\Windows\SYSTEM32\ntdll.dll
0x00007ffca0130000 - 0x00007ffca01f3000 	C:\Windows\System32\KERNEL32.DLL
0x00007ffc9e450000 - 0x00007ffc9e7ec000 	C:\Windows\System32\KERNELBASE.dll
0x00007ffc9e330000 - 0x00007ffc9e441000 	C:\Windows\System32\ucrtbase.dll
0x00007ffc83700000 - 0x00007ffc83717000 	C:\Program Files\Microsoft\jdk-11.0.18.10-hotspot\bin\jli.dll
0x00007ffc85820000 - 0x00007ffc85835000 	C:\Program Files\Microsoft\jdk-11.0.18.10-hotspot\bin\VCRUNTIME140.dll
0x00007ffc9fc90000 - 0x00007ffc9fe3d000 	C:\Windows\System32\USER32.dll
0x00007ffc7db30000 - 0x00007ffc7ddbe000 	C:\Windows\WinSxS\amd64_microsoft.windows.common-controls_6595b64144ccf1df_6.0.22621.608_none_a9444ca7c10bb01d\COMCTL32.dll
0x00007ffc9e190000 - 0x00007ffc9e1b6000 	C:\Windows\System32\win32u.dll
0x00007ffc9ebd0000 - 0x00007ffc9ec77000 	C:\Windows\System32\msvcrt.dll
0x00007ffca0470000 - 0x00007ffca0499000 	C:\Windows\System32\GDI32.dll
0x00007ffc9e980000 - 0x00007ffc9ea93000 	C:\Windows\System32\gdi32full.dll
0x00007ffc9e7f0000 - 0x00007ffc9e88a000 	C:\Windows\System32\msvcp_win.dll
0x00007ffca0630000 - 0x00007ffca0661000 	C:\Windows\System32\IMM32.DLL
0x00007ffc726e0000 - 0x00007ffc7277b000 	C:\Program Files\Microsoft\jdk-11.0.18.10-hotspot\bin\msvcp140.dll
0x00007ffc56b40000 - 0x00007ffc576d2000 	C:\Program Files\Microsoft\jdk-11.0.18.10-hotspot\bin\server\jvm.dll
0x00007ffca0670000 - 0x00007ffca071e000 	C:\Windows\System32\ADVAPI32.dll
0x00007ffca03c0000 - 0x00007ffca0464000 	C:\Windows\System32\sechost.dll
0x00007ffca0740000 - 0x00007ffca0855000 	C:\Windows\System32\RPCRT4.dll
0x00007ffc9ebc0000 - 0x00007ffc9ebc8000 	C:\Windows\System32\PSAPI.DLL
0x00007ffc96240000 - 0x00007ffc96274000 	C:\Windows\SYSTEM32\WINMM.dll
0x00007ffc85e70000 - 0x00007ffc85e79000 	C:\Windows\SYSTEM32\WSOCK32.dll
0x00007ffc96140000 - 0x00007ffc9614a000 	C:\Windows\SYSTEM32\VERSION.dll
0x00007ffc9f470000 - 0x00007ffc9f4e1000 	C:\Windows\System32\WS2_32.dll
0x00007ffc9d120000 - 0x00007ffc9d138000 	C:\Windows\SYSTEM32\kernel.appcore.dll
0x00007ffc85ca0000 - 0x00007ffc85cb0000 	C:\Program Files\Microsoft\jdk-11.0.18.10-hotspot\bin\verify.dll
0x00007ffc9b840000 - 0x00007ffc9ba6e000 	C:\Windows\SYSTEM32\DBGHELP.DLL
0x00007ffca0860000 - 0x00007ffca0be9000 	C:\Windows\System32\combase.dll
0x00007ffc9fe40000 - 0x00007ffc9ff17000 	C:\Windows\System32\OLEAUT32.dll
0x00007ffc82470000 - 0x00007ffc824a2000 	C:\Windows\SYSTEM32\dbgcore.DLL
0x00007ffc9e890000 - 0x00007ffc9e90b000 	C:\Windows\System32\bcryptPrimitives.dll
0x00007ffc7f3b0000 - 0x00007ffc7f3d8000 	C:\Program Files\Microsoft\jdk-11.0.18.10-hotspot\bin\java.dll
0x00007ffc85c00000 - 0x00007ffc85c0a000 	C:\Program Files\Microsoft\jdk-11.0.18.10-hotspot\bin\jimage.dll
0x00007ffc836e0000 - 0x00007ffc836f8000 	C:\Program Files\Microsoft\jdk-11.0.18.10-hotspot\bin\zip.dll
0x00007ffc9ec80000 - 0x00007ffc9f470000 	C:\Windows\System32\SHELL32.dll
0x00007ffc9c0e0000 - 0x00007ffc9c9ae000 	C:\Windows\SYSTEM32\windows.storage.dll
0x00007ffc9bfa0000 - 0x00007ffc9c0de000 	C:\Windows\SYSTEM32\wintypes.dll
0x00007ffc9ff80000 - 0x00007ffca0071000 	C:\Windows\System32\SHCORE.dll
0x00007ffca05c0000 - 0x00007ffca061e000 	C:\Windows\System32\shlwapi.dll
0x00007ffc9e000000 - 0x00007ffc9e021000 	C:\Windows\SYSTEM32\profapi.dll
0x00007ffc7a1b0000 - 0x00007ffc7a1c9000 	C:\Program Files\Microsoft\jdk-11.0.18.10-hotspot\bin\net.dll
0x00007ffc971c0000 - 0x00007ffc972ef000 	C:\Windows\SYSTEM32\WINHTTP.dll
0x00007ffc9d680000 - 0x00007ffc9d6e9000 	C:\Windows\system32\mswsock.dll
0x00007ffc7a190000 - 0x00007ffc7a1a3000 	C:\Program Files\Microsoft\jdk-11.0.18.10-hotspot\bin\nio.dll

dbghelp: loaded successfully - version: 4.0.5 - missing functions: none
symbol engine: initialized successfully - sym options: 0x614 - pdb path: .;C:\Program Files\Microsoft\jdk-11.0.18.10-hotspot\bin;C:\Windows\SYSTEM32;C:\Windows\WinSxS\amd64_microsoft.windows.common-controls_6595b64144ccf1df_6.0.22621.608_none_a9444ca7c10bb01d;C:\Program Files\Microsoft\jdk-11.0.18.10-hotspot\bin\server

VM Arguments:
jvm_args: -Xmx64m -Xms64m -Dorg.gradle.appname=gradlew 
java_command: org.gradle.wrapper.GradleWrapperMain app:installDebug -PreactNativeDevServerPort=8081
java_class_path (initial): C:\Users\kulde\Desktop\Coding\WebD\ReactNative\firstApp\android\\gradle\wrapper\gradle-wrapper.jar
Launcher Type: SUN_STANDARD

[Global flags]
     intx CICompilerCount                          = 4                                         {product} {ergonomic}
     uint ConcGCThreads                            = 2                                         {product} {ergonomic}
     uint G1ConcRefinementThreads                  = 8                                         {product} {ergonomic}
   size_t G1HeapRegionSize                         = 1048576                                   {product} {ergonomic}
    uintx GCDrainStackTargetSize                   = 64                                        {product} {ergonomic}
   size_t InitialHeapSize                          = 67108864                                  {product} {command line}
   size_t MarkStackSize                            = 4194304                                   {product} {ergonomic}
   size_t MaxHeapSize                              = 67108864                                  {product} {command line}
   size_t MaxNewSize                               = 39845888                                  {product} {ergonomic}
   size_t MinHeapDeltaBytes                        = 1048576                                   {product} {ergonomic}
    uintx NonNMethodCodeHeapSize                   = 5836300                                {pd product} {ergonomic}
    uintx NonProfiledCodeHeapSize                  = 122910970                              {pd product} {ergonomic}
    uintx ProfiledCodeHeapSize                     = 122910970                              {pd product} {ergonomic}
    uintx ReservedCodeCacheSize                    = 251658240                              {pd product} {ergonomic}
     bool SegmentedCodeCache                       = true                                      {product} {ergonomic}
     bool UseCompressedClassPointers               = true                                 {lp64_product} {ergonomic}
     bool UseCompressedOops                        = true                                 {lp64_product} {ergonomic}
     bool UseG1GC                                  = true                                      {product} {ergonomic}
     bool UseLargePagesIndividualAllocation        = false                                  {pd product} {ergonomic}

Logging:
Log output configuration:
 #0: stdout all=warning uptime,level,tags
 #1: stderr all=off uptime,level,tags

Environment Variables:
JAVA_HOME=C:\Program Files\Microsoft\jdk-11.0.18.10-hotspot\
CLASSPATH=C:\Users\kulde\Desktop\Coding\WebD\ReactNative\firstApp\android\\gradle\wrapper\gradle-wrapper.jar
PATH=C:\Users\kulde\Desktop\Coding\WebD\ReactNative\firstApp\android\node_modules\.bin;C:\Users\kulde\Desktop\Coding\WebD\ReactNative\firstApp\node_modules\.bin;C:\Users\kulde\Desktop\Coding\WebD\ReactNative\node_modules\.bin;C:\Users\kulde\Desktop\Coding\WebD\node_modules\.bin;C:\Users\kulde\Desktop\Coding\node_modules\.bin;C:\Users\kulde\Desktop\node_modules\.bin;C:\Users\kulde\node_modules\.bin;C:\Users\node_modules\.bin;C:\node_modules\.bin;C:\Program Files\nodejs;C:\Users\kulde\Desktop\Coding\WebD\ReactNative\firstApp\node_modules\.bin;C:\Users\kulde\Desktop\Coding\WebD\ReactNative\firstApp\node_modules\.bin;C:\Users\kulde\Desktop\Coding\WebD\ReactNative\node_modules\.bin;C:\Users\kulde\Desktop\Coding\WebD\node_modules\.bin;C:\Users\kulde\Desktop\Coding\node_modules\.bin;C:\Users\kulde\Desktop\node_modules\.bin;C:\Users\kulde\node_modules\.bin;C:\Users\node_modules\.bin;C:\node_modules\.bin;C:\Program Files\nodejs\node_modules\npm\node_modules\@npmcli\run-script\lib\node-gyp-bin;C:\Program Files\Microsoft\jdk-11.0.18.10-hotspot\bin;C:\Windows\system32;C:\Windows;C:\Windows\System32\Wbem;C:\Windows\System32\WindowsPowerShell\v1.0\;C:\Windows\System32\OpenSSH\;C:\Program Files\Git\cmd;C:\Program Files\Cloudflare\Cloudflare WARP\;;C:\Program Files (x86)\NVIDIA Corporation\PhysX\Common;C:\Program Files\PuTTY\;C:\ProgramData\chocolatey\bin;C:\Program Files\nodejs\;C:\Program Files\MySQL\MySQL Shell 8.0\bin\;C:\Users\kulde\AppData\Local\Programs\Python\Python310\Scripts\;C:\Users\kulde\AppData\Local\Programs\Python\Python310\;C:\Users\kulde\AppData\Local\Microsoft\WindowsApps;C:\Users\kulde\AppData\Local\Programs\Microsoft VS Code\bin;C:\MinGW\bin;C:\Program Files\JetBrains\IntelliJ IDEA Community Edition 2022.2.4\bin;;C:\Users\kulde\miniconda3\Scripts;C:\Users\kulde\miniconda3;C:\Users\kulde\AppData\Local\Android\Sdk\platform-tools;C:\Users\kulde\AppData\Roaming\npm;C:\src\flutter\bin;C:\tools\dart-sdk\bin;C:\Users\kulde\AppData\Roaming\Pub\Cache\bin;
USERNAME=kulde
LANG=en_US.UTF-8
OS=Windows_NT
PROCESSOR_IDENTIFIER=Intel64 Family 6 Model 158 Stepping 10, GenuineIntel
TMP=C:\Users\kulde\AppData\Local\Temp
TEMP=C:\Users\kulde\AppData\Local\Temp



---------------  S Y S T E M  ---------------

OS: Windows 11 , 64 bit Build 22621 (10.0.22621.1344)
OS uptime: 3 days 23:30 hours

CPU:total 8 (initial active 8) (4 cores per cpu, 2 threads per core) family 6 model 158 stepping 10 microcode 0xf0, cmov, cx8, fxsr, mmx, sse, sse2, sse3, ssse3, sse4.1, sse4.2, popcnt, avx, avx2, aes, clmul, erms, 3dnowpref, lzcnt, ht, tsc, tscinvbit, bmi1, bmi2, adx, fma

Memory: 4k page, system-wide physical 8103M (840M free)
TotalPageFile size 16197M (AvailPageFile size 3M)
current process WorkingSet (physical memory assigned to process): 34M, peak: 34M
current process commit charge ("private bytes"): 139M, peak: 139M

vm_info: OpenJDK 64-Bit Server VM (11.0.18+10-LTS) for windows-amd64 JRE (11.0.18+10-LTS), built on Jan 18 2023 15:56:47 by "MicrosoftCorporation" with MS VC++ 15.9 (VS2017)

END.
