#
# There is insufficient memory for the Java Runtime Environment to continue.
# Native memory allocation (malloc) failed to allocate 1942416 bytes for Chunk::new
# Possible reasons:
#   The system is out of physical RAM or swap space
#   The process is running with CompressedOops enabled, and the Java Heap may be blocking the growth of the native heap
# Possible solutions:
#   Reduce memory load on the system
#   Increase physical memory or swap space
#   Check if swap backing store is full
#   Decrease Java heap size (-Xmx/-Xms)
#   Decrease number of Java threads
#   Decrease Java thread stack sizes (-Xss)
#   Set larger code cache with -XX:ReservedCodeCacheSize=
#   JVM is running with Unscaled Compressed Oops mode in which the Java heap is
#     placed in the first 4GB address space. The Java Heap base address is the
#     maximum limit for the native heap growth. Please use -XX:HeapBaseMinAddress
#     to set the Java Heap base and to place the Java Heap above 4GB virtual address.
# This output file may be truncated or incomplete.
#
#  Out of Memory Error (./src/hotspot/share/memory/arena.cpp:197), pid=6948, tid=10244
#
# JRE version: OpenJDK Runtime Environment Microsoft-7208460 (11.0.18+10) (build 11.0.18+10-LTS)
# Java VM: OpenJDK 64-Bit Server VM Microsoft-7208460 (11.0.18+10-LTS, mixed mode, tiered, compressed oops, g1 gc, windows-amd64)
# No core dump will be written. Minidumps are not enabled by default on client versions of Windows
#

---------------  S U M M A R Y ------------

Command Line: org.jetbrains.kotlin.cli.jvm.K2JVMCompiler @C:\Users\kulde\Desktop\Coding\WebD\ReactNative\firstApp\node_modules\react-native-safe-area-context\android\build\20230323_15927754026507652477.compiler.options

Host: Intel(R) Core(TM) i5-9300H CPU @ 2.40GHz, 8 cores, 7G,  Windows 11 , 64 bit Build 22621 (10.0.22621.1344)
Time: Thu Mar 23 20:02:17 2023 India Standard Time elapsed time: 5.744798 seconds (0d 0h 0m 5s)

---------------  T H R E A D  ---------------

Current thread (0x000001ee7fc3e000):  JavaThread "C2 CompilerThread0" daemon [_thread_in_native, id=10244, stack(0x00000018b3c00000,0x00000018b3d00000)]


Current CompileTask:
C2:   5744 3581       4       jdk.internal.loader.BuiltinClassLoader::loadClass (22 bytes)

Stack: [0x00000018b3c00000,0x00000018b3d00000]
Native frames: (J=compiled Java code, j=interpreted, Vv=VM code, C=native code)
V  [jvm.dll+0x62bf8a]
V  [jvm.dll+0x7b8fb9]
V  [jvm.dll+0x7ba6a8]
V  [jvm.dll+0x7bad83]
V  [jvm.dll+0x250248]
V  [jvm.dll+0xc260c]
V  [jvm.dll+0xc2bcc]
V  [jvm.dll+0x35e1c7]
V  [jvm.dll+0x19ebe9]
V  [jvm.dll+0x209495]
V  [jvm.dll+0x20850d]
V  [jvm.dll+0x18a4b1]
V  [jvm.dll+0x217eec]
V  [jvm.dll+0x21612b]
V  [jvm.dll+0x77bac0]
V  [jvm.dll+0x7749f4]
V  [jvm.dll+0x62adf5]
C  [ucrtbase.dll+0x29363]
C  [KERNEL32.DLL+0x126bd]
C  [ntdll.dll+0x5a9f8]


---------------  P R O C E S S  ---------------

Threads class SMR info:
_java_thread_list=0x000001ee1cf37140, length=10, elements={
0x000001ee7c206800, 0x000001ee7fc1b000, 0x000001ee7fc1d000, 0x000001ee7fc37800,
0x000001ee7fc3b800, 0x000001ee7fc3c800, 0x000001ee7fc3e000, 0x000001ee1be5b800,
0x000001ee1bf01800, 0x000001ee1c010000
}

Java Threads: ( => current thread )
  0x000001ee7c206800 JavaThread "main" [_thread_in_vm, id=15668, stack(0x00000018b3000000,0x00000018b3100000)]
  0x000001ee7fc1b000 JavaThread "Reference Handler" daemon [_thread_blocked, id=14540, stack(0x00000018b3700000,0x00000018b3800000)]
  0x000001ee7fc1d000 JavaThread "Finalizer" daemon [_thread_blocked, id=23524, stack(0x00000018b3800000,0x00000018b3900000)]
  0x000001ee7fc37800 JavaThread "Signal Dispatcher" daemon [_thread_blocked, id=19032, stack(0x00000018b3900000,0x00000018b3a00000)]
  0x000001ee7fc3b800 JavaThread "Attach Listener" daemon [_thread_blocked, id=21332, stack(0x00000018b3a00000,0x00000018b3b00000)]
  0x000001ee7fc3c800 JavaThread "Service Thread" daemon [_thread_blocked, id=14236, stack(0x00000018b3b00000,0x00000018b3c00000)]
=>0x000001ee7fc3e000 JavaThread "C2 CompilerThread0" daemon [_thread_in_native, id=10244, stack(0x00000018b3c00000,0x00000018b3d00000)]
  0x000001ee1be5b800 JavaThread "C1 CompilerThread0" daemon [_thread_blocked, id=13432, stack(0x00000018b3d00000,0x00000018b3e00000)]
  0x000001ee1bf01800 JavaThread "Sweeper thread" daemon [_thread_blocked, id=16740, stack(0x00000018b3e00000,0x00000018b3f00000)]
  0x000001ee1c010000 JavaThread "Common-Cleaner" daemon [_thread_blocked, id=22744, stack(0x00000018b4000000,0x00000018b4100000)]

Other Threads:
  0x000001ee7fbf7000 VMThread "VM Thread" [stack: 0x00000018b3600000,0x00000018b3700000] [id=20132]
  0x000001ee1c007000 WatcherThread [stack: 0x00000018b3f00000,0x00000018b4000000] [id=22996]
  0x000001ee7a10d000 GCTaskThread "GC Thread#0" [stack: 0x00000018b3100000,0x00000018b3200000] [id=7760]
  0x000001ee1c680000 GCTaskThread "GC Thread#1" [stack: 0x00000018b4200000,0x00000018b4300000] [id=12940]
  0x000001ee1c681000 GCTaskThread "GC Thread#2" [stack: 0x00000018b4300000,0x00000018b4400000] [id=17604]
  0x000001ee7c24a800 ConcurrentGCThread "G1 Main Marker" [stack: 0x00000018b3200000,0x00000018b3300000] [id=920]
  0x000001ee7c24c800 ConcurrentGCThread "G1 Conc#0" [stack: 0x00000018b3300000,0x00000018b3400000] [id=22068]
  0x000001ee1c041000 ConcurrentGCThread "G1 Conc#1" [stack: 0x00000018b4100000,0x00000018b4200000] [id=22620]
  0x000001ee7c2ce800 ConcurrentGCThread "G1 Refine#0" [stack: 0x00000018b3400000,0x00000018b3500000] [id=11492]
  0x000001ee1ca1d800 ConcurrentGCThread "G1 Refine#1" [stack: 0x00000018b4400000,0x00000018b4500000] [id=7860]
  0x000001ee7fa62800 ConcurrentGCThread "G1 Young RemSet Sampling" [stack: 0x00000018b3500000,0x00000018b3600000] [id=18800]

Threads with active compile tasks:
C2 CompilerThread0     5768 3581       4       jdk.internal.loader.BuiltinClassLoader::loadClass (22 bytes)

VM state:not at safepoint (normal execution)

VM Mutex/Monitor currently owned by a thread: None

Heap address: 0x0000000081600000, size: 2026 MB, Compressed Oops mode: 32-bit
Narrow klass base: 0x0000000000000000, Narrow klass shift: 3
Compressed class space size: 1073741824 Address: 0x0000000100000000

Heap:
 garbage-first heap   total 131072K, used 77614K [0x0000000081600000, 0x0000000100000000)
  region size 1024K, 56 young (57344K), 6 survivors (6144K)
 Metaspace       used 54052K, capacity 54750K, committed 54912K, reserved 1097728K
  class space    used 6466K, capacity 6758K, committed 6784K, reserved 1048576K
Heap Regions: E=young(eden), S=young(survivor), O=old, HS=humongous(starts), HC=humongous(continues), CS=collection set, F=free, A=archive, TAMS=top-at-mark-start (previous, next)
|   0|0x0000000081600000, 0x0000000081700000, 0x0000000081700000|100%|HS|  |TAMS 0x0000000081700000, 0x0000000081600000| Complete 
|   1|0x0000000081700000, 0x0000000081800000, 0x0000000081800000|100%|HC|  |TAMS 0x0000000081800000, 0x0000000081700000| Complete 
|   2|0x0000000081800000, 0x0000000081900000, 0x0000000081900000|100%|HC|  |TAMS 0x0000000081900000, 0x0000000081800000| Complete 
|   3|0x0000000081900000, 0x0000000081a00000, 0x0000000081a00000|100%|HS|  |TAMS 0x0000000081a00000, 0x0000000081900000| Complete 
|   4|0x0000000081a00000, 0x0000000081b00000, 0x0000000081b00000|100%|HC|  |TAMS 0x0000000081b00000, 0x0000000081a00000| Complete 
|   5|0x0000000081b00000, 0x0000000081c00000, 0x0000000081c00000|100%|HC|  |TAMS 0x0000000081c00000, 0x0000000081b00000| Complete 
|   6|0x0000000081c00000, 0x0000000081d00000, 0x0000000081d00000|100%|HS|  |TAMS 0x0000000081c00000, 0x0000000081c00000| Complete 
|   7|0x0000000081d00000, 0x0000000081e00000, 0x0000000081e00000|100%|HC|  |TAMS 0x0000000081d00000, 0x0000000081d00000| Complete 
|   8|0x0000000081e00000, 0x0000000081f00000, 0x0000000081f00000|100%| O|  |TAMS 0x0000000081f00000, 0x0000000081e00000| Untracked 
|   9|0x0000000081f00000, 0x0000000082000000, 0x0000000082000000|100%| O|  |TAMS 0x0000000082000000, 0x0000000081f00000| Untracked 
|  10|0x0000000082000000, 0x0000000082100000, 0x0000000082100000|100%| O|  |TAMS 0x0000000082100000, 0x0000000082000000| Untracked 
|  11|0x0000000082100000, 0x0000000082200000, 0x0000000082200000|100%| O|  |TAMS 0x0000000082200000, 0x0000000082100000| Untracked 
|  12|0x0000000082200000, 0x0000000082300000, 0x0000000082300000|100%| O|  |TAMS 0x0000000082300000, 0x0000000082200000| Untracked 
|  13|0x0000000082300000, 0x0000000082400000, 0x0000000082400000|100%| O|  |TAMS 0x0000000082400000, 0x0000000082300000| Untracked 
|  14|0x0000000082400000, 0x0000000082500000, 0x0000000082500000|100%| O|  |TAMS 0x0000000082500000, 0x0000000082400000| Untracked 
|  15|0x0000000082500000, 0x0000000082600000, 0x0000000082600000|100%| O|  |TAMS 0x0000000082600000, 0x0000000082500000| Untracked 
|  16|0x0000000082600000, 0x0000000082700000, 0x0000000082700000|100%| O|  |TAMS 0x0000000082700000, 0x0000000082600000| Untracked 
|  17|0x0000000082700000, 0x0000000082800000, 0x0000000082800000|100%| O|  |TAMS 0x0000000082800000, 0x0000000082700000| Untracked 
|  18|0x0000000082800000, 0x0000000082900000, 0x0000000082900000|100%| O|  |TAMS 0x0000000082900000, 0x0000000082800000| Untracked 
|  19|0x0000000082900000, 0x0000000082a00000, 0x0000000082a00000|100%| O|  |TAMS 0x0000000082a00000, 0x0000000082900000| Untracked 
|  20|0x0000000082a00000, 0x0000000082b00000, 0x0000000082b00000|100%|HS|  |TAMS 0x0000000082a00000, 0x0000000082a00000| Complete 
|  21|0x0000000082b00000, 0x0000000082b00000, 0x0000000082c00000|  0%| F|  |TAMS 0x0000000082b00000, 0x0000000082b00000| Untracked 
|  22|0x0000000082c00000, 0x0000000082c00000, 0x0000000082d00000|  0%| F|  |TAMS 0x0000000082c00000, 0x0000000082c00000| Untracked 
|  23|0x0000000082d00000, 0x0000000082d00000, 0x0000000082e00000|  0%| F|  |TAMS 0x0000000082d00000, 0x0000000082d00000| Untracked 
|  24|0x0000000082e00000, 0x0000000082e00000, 0x0000000082f00000|  0%| F|  |TAMS 0x0000000082e00000, 0x0000000082e00000| Untracked 
|  25|0x0000000082f00000, 0x0000000082f00000, 0x0000000083000000|  0%| F|  |TAMS 0x0000000082f00000, 0x0000000082f00000| Untracked 
|  26|0x0000000083000000, 0x0000000083000000, 0x0000000083100000|  0%| F|  |TAMS 0x0000000083000000, 0x0000000083000000| Untracked 
|  27|0x0000000083100000, 0x0000000083100000, 0x0000000083200000|  0%| F|  |TAMS 0x0000000083100000, 0x0000000083100000| Untracked 
|  28|0x0000000083200000, 0x0000000083200000, 0x0000000083300000|  0%| F|  |TAMS 0x0000000083200000, 0x0000000083200000| Untracked 
|  29|0x0000000083300000, 0x0000000083300000, 0x0000000083400000|  0%| F|  |TAMS 0x0000000083300000, 0x0000000083300000| Untracked 
|  30|0x0000000083400000, 0x0000000083400000, 0x0000000083500000|  0%| F|  |TAMS 0x0000000083400000, 0x0000000083400000| Untracked 
|  31|0x0000000083500000, 0x0000000083500000, 0x0000000083600000|  0%| F|  |TAMS 0x0000000083500000, 0x0000000083500000| Untracked 
|  32|0x0000000083600000, 0x0000000083600000, 0x0000000083700000|  0%| F|  |TAMS 0x0000000083600000, 0x0000000083600000| Untracked 
|  33|0x0000000083700000, 0x0000000083700000, 0x0000000083800000|  0%| F|  |TAMS 0x0000000083700000, 0x0000000083700000| Untracked 
|  34|0x0000000083800000, 0x0000000083800000, 0x0000000083900000|  0%| F|  |TAMS 0x0000000083800000, 0x0000000083800000| Untracked 
|  35|0x0000000083900000, 0x0000000083900000, 0x0000000083a00000|  0%| F|  |TAMS 0x0000000083900000, 0x0000000083900000| Untracked 
|  36|0x0000000083a00000, 0x0000000083a00000, 0x0000000083b00000|  0%| F|  |TAMS 0x0000000083a00000, 0x0000000083a00000| Untracked 
|  37|0x0000000083b00000, 0x0000000083b00000, 0x0000000083c00000|  0%| F|  |TAMS 0x0000000083b00000, 0x0000000083b00000| Untracked 
|  38|0x0000000083c00000, 0x0000000083c00000, 0x0000000083d00000|  0%| F|  |TAMS 0x0000000083c00000, 0x0000000083c00000| Untracked 
|  39|0x0000000083d00000, 0x0000000083d00000, 0x0000000083e00000|  0%| F|  |TAMS 0x0000000083d00000, 0x0000000083d00000| Untracked 
|  40|0x0000000083e00000, 0x0000000083e00000, 0x0000000083f00000|  0%| F|  |TAMS 0x0000000083e00000, 0x0000000083e00000| Untracked 
|  41|0x0000000083f00000, 0x0000000083f00000, 0x0000000084000000|  0%| F|  |TAMS 0x0000000083f00000, 0x0000000083f00000| Untracked 
|  42|0x0000000084000000, 0x0000000084000000, 0x0000000084100000|  0%| F|  |TAMS 0x0000000084000000, 0x0000000084000000| Untracked 
|  43|0x0000000084100000, 0x0000000084100000, 0x0000000084200000|  0%| F|  |TAMS 0x0000000084100000, 0x0000000084100000| Untracked 
|  44|0x0000000084200000, 0x0000000084200000, 0x0000000084300000|  0%| F|  |TAMS 0x0000000084200000, 0x0000000084200000| Untracked 
|  45|0x0000000084300000, 0x0000000084300000, 0x0000000084400000|  0%| F|  |TAMS 0x0000000084300000, 0x0000000084300000| Untracked 
|  46|0x0000000084400000, 0x0000000084400000, 0x0000000084500000|  0%| F|  |TAMS 0x0000000084400000, 0x0000000084400000| Untracked 
|  47|0x0000000084500000, 0x0000000084500000, 0x0000000084600000|  0%| F|  |TAMS 0x0000000084500000, 0x0000000084500000| Untracked 
|  48|0x0000000084600000, 0x0000000084600000, 0x0000000084700000|  0%| F|  |TAMS 0x0000000084600000, 0x0000000084600000| Untracked 
|  49|0x0000000084700000, 0x0000000084700000, 0x0000000084800000|  0%| F|  |TAMS 0x0000000084700000, 0x0000000084700000| Untracked 
|  50|0x0000000084800000, 0x0000000084800000, 0x0000000084900000|  0%| F|  |TAMS 0x0000000084800000, 0x0000000084800000| Untracked 
|  51|0x0000000084900000, 0x0000000084900000, 0x0000000084a00000|  0%| F|  |TAMS 0x0000000084900000, 0x0000000084900000| Untracked 
|  52|0x0000000084a00000, 0x0000000084a00000, 0x0000000084b00000|  0%| F|  |TAMS 0x0000000084a00000, 0x0000000084a00000| Untracked 
|  53|0x0000000084b00000, 0x0000000084b00000, 0x0000000084c00000|  0%| F|  |TAMS 0x0000000084b00000, 0x0000000084b00000| Untracked 
|  54|0x0000000084c00000, 0x0000000084c00000, 0x0000000084d00000|  0%| F|  |TAMS 0x0000000084c00000, 0x0000000084c00000| Untracked 
|  55|0x0000000084d00000, 0x0000000084d00000, 0x0000000084e00000|  0%| F|  |TAMS 0x0000000084d00000, 0x0000000084d00000| Untracked 
|  56|0x0000000084e00000, 0x0000000084e00000, 0x0000000084f00000|  0%| F|  |TAMS 0x0000000084e00000, 0x0000000084e00000| Untracked 
|  57|0x0000000084f00000, 0x0000000084f00000, 0x0000000085000000|  0%| F|  |TAMS 0x0000000084f00000, 0x0000000084f00000| Untracked 
|  58|0x0000000085000000, 0x0000000085000000, 0x0000000085100000|  0%| F|  |TAMS 0x0000000085000000, 0x0000000085000000| Untracked 
|  59|0x0000000085100000, 0x0000000085100000, 0x0000000085200000|  0%| F|  |TAMS 0x0000000085100000, 0x0000000085100000| Untracked 
|  60|0x0000000085200000, 0x0000000085200000, 0x0000000085300000|  0%| F|  |TAMS 0x0000000085200000, 0x0000000085200000| Untracked 
|  61|0x0000000085300000, 0x0000000085300000, 0x0000000085400000|  0%| F|  |TAMS 0x0000000085300000, 0x0000000085300000| Untracked 
|  62|0x0000000085400000, 0x0000000085400000, 0x0000000085500000|  0%| F|  |TAMS 0x0000000085400000, 0x0000000085400000| Untracked 
|  63|0x0000000085500000, 0x0000000085500000, 0x0000000085600000|  0%| F|  |TAMS 0x0000000085500000, 0x0000000085500000| Untracked 
|  64|0x0000000085600000, 0x0000000085600000, 0x0000000085700000|  0%| F|  |TAMS 0x0000000085600000, 0x0000000085600000| Untracked 
|  65|0x0000000085700000, 0x0000000085700000, 0x0000000085800000|  0%| F|  |TAMS 0x0000000085700000, 0x0000000085700000| Untracked 
|  66|0x0000000085800000, 0x0000000085800000, 0x0000000085900000|  0%| F|  |TAMS 0x0000000085800000, 0x0000000085800000| Untracked 
|  67|0x0000000085900000, 0x0000000085900000, 0x0000000085a00000|  0%| F|  |TAMS 0x0000000085900000, 0x0000000085900000| Untracked 
|  68|0x0000000085a00000, 0x0000000085a00000, 0x0000000085b00000|  0%| F|  |TAMS 0x0000000085a00000, 0x0000000085a00000| Untracked 
|  69|0x0000000085b00000, 0x0000000085b00000, 0x0000000085c00000|  0%| F|  |TAMS 0x0000000085b00000, 0x0000000085b00000| Untracked 
|  70|0x0000000085c00000, 0x0000000085c00000, 0x0000000085d00000|  0%| F|  |TAMS 0x0000000085c00000, 0x0000000085c00000| Untracked 
|  71|0x0000000085d00000, 0x0000000085dcb970, 0x0000000085e00000| 79%| S|CS|TAMS 0x0000000085d00000, 0x0000000085d00000| Complete 
|  72|0x0000000085e00000, 0x0000000085f00000, 0x0000000085f00000|100%| S|CS|TAMS 0x0000000085e00000, 0x0000000085e00000| Complete 
|  73|0x0000000085f00000, 0x0000000086000000, 0x0000000086000000|100%| S|CS|TAMS 0x0000000085f00000, 0x0000000085f00000| Complete 
|  74|0x0000000086000000, 0x0000000086100000, 0x0000000086100000|100%| S|CS|TAMS 0x0000000086000000, 0x0000000086000000| Complete 
|  75|0x0000000086100000, 0x0000000086200000, 0x0000000086200000|100%| S|CS|TAMS 0x0000000086100000, 0x0000000086100000| Complete 
|  76|0x0000000086200000, 0x0000000086300000, 0x0000000086300000|100%| S|CS|TAMS 0x0000000086200000, 0x0000000086200000| Complete 
|  77|0x0000000086300000, 0x0000000086300000, 0x0000000086400000|  0%| F|  |TAMS 0x0000000086300000, 0x0000000086300000| Untracked 
|  78|0x0000000086400000, 0x0000000086500000, 0x0000000086500000|100%| E|  |TAMS 0x0000000086400000, 0x0000000086400000| Complete 
|  79|0x0000000086500000, 0x0000000086600000, 0x0000000086600000|100%| E|CS|TAMS 0x0000000086500000, 0x0000000086500000| Complete 
|  80|0x0000000086600000, 0x0000000086700000, 0x0000000086700000|100%| E|CS|TAMS 0x0000000086600000, 0x0000000086600000| Complete 
|  81|0x0000000086700000, 0x0000000086800000, 0x0000000086800000|100%| E|CS|TAMS 0x0000000086700000, 0x0000000086700000| Complete 
|  82|0x0000000086800000, 0x0000000086900000, 0x0000000086900000|100%| E|CS|TAMS 0x0000000086800000, 0x0000000086800000| Complete 
|  83|0x0000000086900000, 0x0000000086a00000, 0x0000000086a00000|100%| E|CS|TAMS 0x0000000086900000, 0x0000000086900000| Complete 
|  84|0x0000000086a00000, 0x0000000086b00000, 0x0000000086b00000|100%| E|CS|TAMS 0x0000000086a00000, 0x0000000086a00000| Complete 
|  85|0x0000000086b00000, 0x0000000086c00000, 0x0000000086c00000|100%| E|CS|TAMS 0x0000000086b00000, 0x0000000086b00000| Complete 
|  86|0x0000000086c00000, 0x0000000086d00000, 0x0000000086d00000|100%| E|CS|TAMS 0x0000000086c00000, 0x0000000086c00000| Complete 
|  87|0x0000000086d00000, 0x0000000086e00000, 0x0000000086e00000|100%| E|CS|TAMS 0x0000000086d00000, 0x0000000086d00000| Complete 
|  88|0x0000000086e00000, 0x0000000086f00000, 0x0000000086f00000|100%| E|CS|TAMS 0x0000000086e00000, 0x0000000086e00000| Complete 
|  89|0x0000000086f00000, 0x0000000087000000, 0x0000000087000000|100%| E|CS|TAMS 0x0000000086f00000, 0x0000000086f00000| Complete 
|  90|0x0000000087000000, 0x0000000087100000, 0x0000000087100000|100%| E|CS|TAMS 0x0000000087000000, 0x0000000087000000| Complete 
|  91|0x0000000087100000, 0x0000000087200000, 0x0000000087200000|100%| E|CS|TAMS 0x0000000087100000, 0x0000000087100000| Complete 
|  92|0x0000000087200000, 0x0000000087300000, 0x0000000087300000|100%| E|CS|TAMS 0x0000000087200000, 0x0000000087200000| Complete 
|  93|0x0000000087300000, 0x0000000087400000, 0x0000000087400000|100%| E|CS|TAMS 0x0000000087300000, 0x0000000087300000| Complete 
|  94|0x0000000087400000, 0x0000000087500000, 0x0000000087500000|100%| E|CS|TAMS 0x0000000087400000, 0x0000000087400000| Complete 
|  95|0x0000000087500000, 0x0000000087600000, 0x0000000087600000|100%| E|CS|TAMS 0x0000000087500000, 0x0000000087500000| Complete 
|  96|0x0000000087600000, 0x0000000087700000, 0x0000000087700000|100%| E|CS|TAMS 0x0000000087600000, 0x0000000087600000| Complete 
|  97|0x0000000087700000, 0x0000000087800000, 0x0000000087800000|100%| E|CS|TAMS 0x0000000087700000, 0x0000000087700000| Complete 
|  98|0x0000000087800000, 0x0000000087900000, 0x0000000087900000|100%| E|CS|TAMS 0x0000000087800000, 0x0000000087800000| Complete 
|  99|0x0000000087900000, 0x0000000087a00000, 0x0000000087a00000|100%| E|CS|TAMS 0x0000000087900000, 0x0000000087900000| Complete 
| 100|0x0000000087a00000, 0x0000000087b00000, 0x0000000087b00000|100%| E|CS|TAMS 0x0000000087a00000, 0x0000000087a00000| Complete 
| 101|0x0000000087b00000, 0x0000000087c00000, 0x0000000087c00000|100%| E|CS|TAMS 0x0000000087b00000, 0x0000000087b00000| Complete 
| 102|0x0000000087c00000, 0x0000000087d00000, 0x0000000087d00000|100%| E|CS|TAMS 0x0000000087c00000, 0x0000000087c00000| Complete 
| 103|0x0000000087d00000, 0x0000000087e00000, 0x0000000087e00000|100%| E|CS|TAMS 0x0000000087d00000, 0x0000000087d00000| Complete 
| 104|0x0000000087e00000, 0x0000000087f00000, 0x0000000087f00000|100%| E|CS|TAMS 0x0000000087e00000, 0x0000000087e00000| Complete 
| 105|0x0000000087f00000, 0x0000000088000000, 0x0000000088000000|100%| E|CS|TAMS 0x0000000087f00000, 0x0000000087f00000| Complete 
| 106|0x0000000088000000, 0x0000000088100000, 0x0000000088100000|100%| E|CS|TAMS 0x0000000088000000, 0x0000000088000000| Complete 
| 107|0x0000000088100000, 0x0000000088200000, 0x0000000088200000|100%| E|CS|TAMS 0x0000000088100000, 0x0000000088100000| Complete 
| 108|0x0000000088200000, 0x0000000088300000, 0x0000000088300000|100%| E|CS|TAMS 0x0000000088200000, 0x0000000088200000| Complete 
| 109|0x0000000088300000, 0x0000000088400000, 0x0000000088400000|100%| E|CS|TAMS 0x0000000088300000, 0x0000000088300000| Complete 
| 110|0x0000000088400000, 0x0000000088500000, 0x0000000088500000|100%| E|CS|TAMS 0x0000000088400000, 0x0000000088400000| Complete 
| 111|0x0000000088500000, 0x0000000088600000, 0x0000000088600000|100%| E|CS|TAMS 0x0000000088500000, 0x0000000088500000| Complete 
| 112|0x0000000088600000, 0x0000000088700000, 0x0000000088700000|100%| E|CS|TAMS 0x0000000088600000, 0x0000000088600000| Complete 
| 113|0x0000000088700000, 0x0000000088800000, 0x0000000088800000|100%| E|CS|TAMS 0x0000000088700000, 0x0000000088700000| Complete 
| 114|0x0000000088800000, 0x0000000088900000, 0x0000000088900000|100%| E|CS|TAMS 0x0000000088800000, 0x0000000088800000| Complete 
| 115|0x0000000088900000, 0x0000000088a00000, 0x0000000088a00000|100%| E|CS|TAMS 0x0000000088900000, 0x0000000088900000| Complete 
| 116|0x0000000088a00000, 0x0000000088b00000, 0x0000000088b00000|100%| E|CS|TAMS 0x0000000088a00000, 0x0000000088a00000| Complete 
| 117|0x0000000088b00000, 0x0000000088c00000, 0x0000000088c00000|100%| E|CS|TAMS 0x0000000088b00000, 0x0000000088b00000| Complete 
| 118|0x0000000088c00000, 0x0000000088d00000, 0x0000000088d00000|100%| E|CS|TAMS 0x0000000088c00000, 0x0000000088c00000| Complete 
| 119|0x0000000088d00000, 0x0000000088e00000, 0x0000000088e00000|100%| E|CS|TAMS 0x0000000088d00000, 0x0000000088d00000| Complete 
| 120|0x0000000088e00000, 0x0000000088f00000, 0x0000000088f00000|100%| E|CS|TAMS 0x0000000088e00000, 0x0000000088e00000| Complete 
| 121|0x0000000088f00000, 0x0000000089000000, 0x0000000089000000|100%| E|CS|TAMS 0x0000000088f00000, 0x0000000088f00000| Complete 
| 122|0x0000000089000000, 0x0000000089100000, 0x0000000089100000|100%| E|CS|TAMS 0x0000000089000000, 0x0000000089000000| Complete 
| 123|0x0000000089100000, 0x0000000089200000, 0x0000000089200000|100%| E|CS|TAMS 0x0000000089100000, 0x0000000089100000| Complete 
| 124|0x0000000089200000, 0x0000000089300000, 0x0000000089300000|100%| E|CS|TAMS 0x0000000089200000, 0x0000000089200000| Complete 
| 125|0x0000000089300000, 0x0000000089400000, 0x0000000089400000|100%| E|CS|TAMS 0x0000000089300000, 0x0000000089300000| Complete 
| 126|0x0000000089400000, 0x0000000089500000, 0x0000000089500000|100%| E|CS|TAMS 0x0000000089400000, 0x0000000089400000| Complete 
| 127|0x0000000089500000, 0x0000000089600000, 0x0000000089600000|100%| E|CS|TAMS 0x0000000089500000, 0x0000000089500000| Complete 

Card table byte_map: [0x000001ee7ca00000,0x000001ee7ce00000] _byte_map_base: 0x000001ee7c5f5000

Marking Bits (Prev, Next): (CMBitMap*) 0x000001ee7c241b98, (CMBitMap*) 0x000001ee7c241bd0
 Prev Bits: [0x000001ee7d200000, 0x000001ee7f1a8000)
 Next Bits: [0x000001ee176a0000, 0x000001ee19648000)

Polling page: 0x000001ee7a210000

Metaspace:

Usage:
  Non-class:     46.87 MB capacity,    46.48 MB (>99%) used,   301.52 KB ( <1%) free+waste,    92.19 KB ( <1%) overhead. 
      Class:      6.60 MB capacity,     6.32 MB ( 96%) used,   247.69 KB (  4%) free+waste,    43.13 KB ( <1%) overhead. 
       Both:     53.47 MB capacity,    52.80 MB ( 99%) used,   549.21 KB (  1%) free+waste,   135.31 KB ( <1%) overhead. 

Virtual space:
  Non-class space:       48.00 MB reserved,      47.00 MB ( 98%) committed 
      Class space:        1.00 GB reserved,       6.63 MB ( <1%) committed 
             Both:        1.05 GB reserved,      53.63 MB (  5%) committed 

Chunk freelists:
   Non-Class:  7.00 KB
       Class:  25.00 KB
        Both:  32.00 KB

MaxMetaspaceSize: 17179869184.00 GB
CompressedClassSpaceSize: 1.00 GB
Initial GC threshold: 20.80 MB
Current GC threshold: 58.34 MB
CDS: off

CodeHeap 'non-profiled nmethods': size=120000Kb used=1355Kb max_used=1355Kb free=118644Kb
 bounds [0x000001ee10170000, 0x000001ee103e0000, 0x000001ee176a0000]
CodeHeap 'profiled nmethods': size=120000Kb used=7711Kb max_used=7711Kb free=112288Kb
 bounds [0x000001ee08c40000, 0x000001ee093d0000, 0x000001ee10170000]
CodeHeap 'non-nmethods': size=5760Kb used=1277Kb max_used=1311Kb free=4482Kb
 bounds [0x000001ee086a0000, 0x000001ee08910000, 0x000001ee08c40000]
 total_blobs=4422 nmethods=3857 adapters=477
 compilation: enabled
              stopped_count=0, restarted_count=0
 full_count=0

Compilation events (20 events):
Event: 5.734 Thread 0x000001ee1be5b800 nmethod 3877 0x000001ee093b2c10 code [0x000001ee093b2ec0, 0x000001ee093b3668]
Event: 5.734 Thread 0x000001ee1be5b800 3879       2       org.jetbrains.kotlin.com.intellij.psi.stubs.StubList::getStubTypeIndex (12 bytes)
Event: 5.734 Thread 0x000001ee1be5b800 nmethod 3879 0x000001ee093b3c90 code [0x000001ee093b3e60, 0x000001ee093b4028]
Event: 5.734 Thread 0x000001ee1be5b800 3878       2       org.jetbrains.kotlin.com.intellij.psi.stubs.StubList$TempState::ensureCapacityForNextChild (153 bytes)
Event: 5.735 Thread 0x000001ee1be5b800 nmethod 3878 0x000001ee093b4210 code [0x000001ee093b4440, 0x000001ee093b4938]
Event: 5.735 Thread 0x000001ee1be5b800 3880       1       org.jetbrains.kotlin.com.intellij.psi.stubs.StubList$1::size (5 bytes)
Event: 5.735 Thread 0x000001ee1be5b800 nmethod 3880 0x000001ee102c0f10 code [0x000001ee102c10c0, 0x000001ee102c1178]
Event: 5.737 Thread 0x000001ee1be5b800 3881       2       java.text.StringCharacterIterator::<init> (7 bytes)
Event: 5.737 Thread 0x000001ee1be5b800 nmethod 3881 0x000001ee093b4c90 code [0x000001ee093b4e40, 0x000001ee093b4f88]
Event: 5.737 Thread 0x000001ee1be5b800 3885       2       org.jetbrains.kotlin.load.java.structure.impl.classFiles.BinaryClassSignatureParser::parseParameterizedClassRefSignature (262 bytes)
Event: 5.739 Thread 0x000001ee1be5b800 nmethod 3885 0x000001ee093b5090 code [0x000001ee093b5440, 0x000001ee093b6588]
Event: 5.739 Thread 0x000001ee1be5b800 3884       2       org.jetbrains.org.objectweb.asm.Type::getArgumentTypes (154 bytes)
Event: 5.741 Thread 0x000001ee1be5b800 nmethod 3884 0x000001ee093b6e10 code [0x000001ee093b7100, 0x000001ee093b7f28]
Event: 5.741 Thread 0x000001ee1be5b800 3888       2       kotlin.ranges.IntProgression::<init> (57 bytes)
Event: 5.741 Thread 0x000001ee1be5b800 nmethod 3888 0x000001ee093b8910 code [0x000001ee093b8b00, 0x000001ee093b8da8]
Event: 5.741 Thread 0x000001ee1be5b800 3890       2       kotlin.collections.IntIterator::<init> (5 bytes)
Event: 5.741 Thread 0x000001ee1be5b800 nmethod 3890 0x000001ee093b8f10 code [0x000001ee093b90c0, 0x000001ee093b91b8]
Event: 5.742 Thread 0x000001ee1be5b800 3891       2       kotlin.ranges.IntProgressionIterator::<init> (68 bytes)
Event: 5.742 Thread 0x000001ee1be5b800 nmethod 3891 0x000001ee093b9290 code [0x000001ee093b9440, 0x000001ee093b9598]
Event: 5.742 Thread 0x000001ee1be5b800 3889       2       org.jetbrains.kotlin.load.java.structure.impl.classFiles.BinaryClassSignatureParser::parseTypeWithoutVarianceAndArray (196 bytes)

GC Heap History (12 events):
Event: 0.846 GC heap before
{Heap before GC invocations=0 (full 0):
 garbage-first heap   total 131072K, used 27648K [0x0000000081600000, 0x0000000100000000)
  region size 1024K, 24 young (24576K), 0 survivors (0K)
 Metaspace       used 12400K, capacity 12504K, committed 12800K, reserved 1060864K
  class space    used 1150K, capacity 1207K, committed 1280K, reserved 1048576K
}
Event: 0.850 GC heap after
{Heap after GC invocations=1 (full 0):
 garbage-first heap   total 131072K, used 5853K [0x0000000081600000, 0x0000000100000000)
  region size 1024K, 3 young (3072K), 3 survivors (3072K)
 Metaspace       used 12400K, capacity 12504K, committed 12800K, reserved 1060864K
  class space    used 1150K, capacity 1207K, committed 1280K, reserved 1048576K
}
Event: 1.726 GC heap before
{Heap before GC invocations=1 (full 0):
 garbage-first heap   total 131072K, used 41693K [0x0000000081600000, 0x0000000100000000)
  region size 1024K, 39 young (39936K), 3 survivors (3072K)
 Metaspace       used 20954K, capacity 21182K, committed 21248K, reserved 1069056K
  class space    used 2215K, capacity 2280K, committed 2304K, reserved 1048576K
}
Event: 1.740 GC heap after
{Heap after GC invocations=2 (full 0):
 garbage-first heap   total 131072K, used 9329K [0x0000000081600000, 0x0000000100000000)
  region size 1024K, 7 young (7168K), 7 survivors (7168K)
 Metaspace       used 20954K, capacity 21182K, committed 21248K, reserved 1069056K
  class space    used 2215K, capacity 2280K, committed 2304K, reserved 1048576K
}
Event: 3.142 GC heap before
{Heap before GC invocations=3 (full 0):
 garbage-first heap   total 131072K, used 63601K [0x0000000081600000, 0x0000000100000000)
  region size 1024K, 55 young (56320K), 7 survivors (7168K)
 Metaspace       used 32567K, capacity 32985K, committed 33280K, reserved 1079296K
  class space    used 4060K, capacity 4246K, committed 4352K, reserved 1048576K
}
Event: 3.168 GC heap after
{Heap after GC invocations=4 (full 0):
 garbage-first heap   total 131072K, used 20317K [0x0000000081600000, 0x0000000100000000)
  region size 1024K, 7 young (7168K), 7 survivors (7168K)
 Metaspace       used 32567K, capacity 32985K, committed 33280K, reserved 1079296K
  class space    used 4060K, capacity 4246K, committed 4352K, reserved 1048576K
}
Event: 3.417 GC heap before
{Heap before GC invocations=4 (full 0):
 garbage-first heap   total 131072K, used 28509K [0x0000000081600000, 0x0000000100000000)
  region size 1024K, 15 young (15360K), 7 survivors (7168K)
 Metaspace       used 34445K, capacity 34841K, committed 34944K, reserved 1079296K
  class space    used 4254K, capacity 4438K, committed 4480K, reserved 1048576K
}
Event: 3.431 GC heap after
{Heap after GC invocations=5 (full 0):
 garbage-first heap   total 131072K, used 21922K [0x0000000081600000, 0x0000000100000000)
  region size 1024K, 2 young (2048K), 2 survivors (2048K)
 Metaspace       used 34445K, capacity 34841K, committed 34944K, reserved 1079296K
  class space    used 4254K, capacity 4438K, committed 4480K, reserved 1048576K
}
Event: 3.507 GC heap before
{Heap before GC invocations=5 (full 0):
 garbage-first heap   total 131072K, used 24994K [0x0000000081600000, 0x0000000100000000)
  region size 1024K, 6 young (6144K), 2 survivors (2048K)
 Metaspace       used 34988K, capacity 35428K, committed 35584K, reserved 1081344K
  class space    used 4313K, capacity 4506K, committed 4608K, reserved 1048576K
}
Event: 3.510 GC heap after
{Heap after GC invocations=6 (full 0):
 garbage-first heap   total 131072K, used 20019K [0x0000000081600000, 0x0000000100000000)
  region size 1024K, 2 young (2048K), 2 survivors (2048K)
 Metaspace       used 34988K, capacity 35428K, committed 35584K, reserved 1081344K
  class space    used 4313K, capacity 4506K, committed 4608K, reserved 1048576K
}
Event: 4.771 GC heap before
{Heap before GC invocations=7 (full 0):
 garbage-first heap   total 131072K, used 70195K [0x0000000081600000, 0x0000000100000000)
  region size 1024K, 51 young (52224K), 2 survivors (2048K)
 Metaspace       used 45762K, capacity 46278K, committed 46592K, reserved 1089536K
  class space    used 5385K, capacity 5575K, committed 5632K, reserved 1048576K
}
Event: 4.780 GC heap after
{Heap after GC invocations=8 (full 0):
 garbage-first heap   total 131072K, used 24366K [0x0000000081600000, 0x0000000100000000)
  region size 1024K, 6 young (6144K), 6 survivors (6144K)
 Metaspace       used 45762K, capacity 46278K, committed 46592K, reserved 1089536K
  class space    used 5385K, capacity 5575K, committed 5632K, reserved 1048576K
}

Deoptimization events (20 events):
Event: 4.991 Thread 0x000001ee7c206800 Uncommon trap: trap_request=0xffffffc6 fr.pc=0x000001ee10249594 relative=0x0000000000000074
Event: 4.991 Thread 0x000001ee7c206800 Uncommon trap: reason=bimorphic_or_optimized_type_check action=maybe_recompile pc=0x000001ee10249594 method=java.util.Collections$UnmodifiableCollection.size()I @ 4 c2
Event: 4.991 Thread 0x000001ee7c206800 DEOPT PACKING pc=0x000001ee10249594 sp=0x00000018b30fb0f0
Event: 4.991 Thread 0x000001ee7c206800 DEOPT UNPACKING pc=0x000001ee086ea1af sp=0x00000018b30fb078 mode 2
Event: 4.996 Thread 0x000001ee7c206800 DEOPT PACKING pc=0x000001ee0927da22 sp=0x00000018b30fbeb0
Event: 4.996 Thread 0x000001ee7c206800 DEOPT UNPACKING pc=0x000001ee086ea95e sp=0x00000018b30fb378 mode 0
Event: 5.005 Thread 0x000001ee7c206800 DEOPT PACKING pc=0x000001ee09243626 sp=0x00000018b30fa880
Event: 5.006 Thread 0x000001ee7c206800 DEOPT UNPACKING pc=0x000001ee086ea95e sp=0x00000018b30f9d60 mode 0
Event: 5.073 Thread 0x000001ee7c206800 DEOPT PACKING pc=0x000001ee08f067f6 sp=0x00000018b30f77b0
Event: 5.073 Thread 0x000001ee7c206800 DEOPT UNPACKING pc=0x000001ee086ea95e sp=0x00000018b30f6cd0 mode 0
Event: 5.254 Thread 0x000001ee7c206800 DEOPT PACKING pc=0x000001ee08f067d5 sp=0x00000018b30f8d50
Event: 5.254 Thread 0x000001ee7c206800 DEOPT UNPACKING pc=0x000001ee086ea95e sp=0x00000018b30f8270 mode 0
Event: 5.286 Thread 0x000001ee7c206800 DEOPT PACKING pc=0x000001ee08f067f6 sp=0x00000018b30f40c0
Event: 5.286 Thread 0x000001ee7c206800 DEOPT UNPACKING pc=0x000001ee086ea95e sp=0x00000018b30f35e0 mode 0
Event: 5.539 Thread 0x000001ee7c206800 DEOPT PACKING pc=0x000001ee08cfcda8 sp=0x00000018b30fbc10
Event: 5.539 Thread 0x000001ee7c206800 DEOPT UNPACKING pc=0x000001ee086ea95e sp=0x00000018b30fb0e0 mode 0
Event: 5.601 Thread 0x000001ee7c206800 DEOPT PACKING pc=0x000001ee0924188a sp=0x00000018b30fbf40
Event: 5.601 Thread 0x000001ee7c206800 DEOPT UNPACKING pc=0x000001ee086ea95e sp=0x00000018b30fb390 mode 0
Event: 5.620 Thread 0x000001ee7c206800 DEOPT PACKING pc=0x000001ee09349f7f sp=0x00000018b30fbf40
Event: 5.620 Thread 0x000001ee7c206800 DEOPT UNPACKING pc=0x000001ee086ea95e sp=0x00000018b30fb390 mode 0

Classes redefined (0 events):
No events

Internal exceptions (20 events):
Event: 2.165 Thread 0x000001ee7c206800 Exception <a 'sun/nio/fs/WindowsException'{0x00000000887b9e28}> (0x00000000887b9e28) thrown at [./src/hotspot/share/prims/jni.cpp, line 617]
Event: 2.165 Thread 0x000001ee7c206800 Exception <a 'sun/nio/fs/WindowsException'{0x00000000887ba6a0}> (0x00000000887ba6a0) thrown at [./src/hotspot/share/prims/jni.cpp, line 617]
Event: 2.165 Thread 0x000001ee7c206800 Exception <a 'sun/nio/fs/WindowsException'{0x00000000887baf28}> (0x00000000887baf28) thrown at [./src/hotspot/share/prims/jni.cpp, line 617]
Event: 2.165 Thread 0x000001ee7c206800 Exception <a 'sun/nio/fs/WindowsException'{0x00000000887bb920}> (0x00000000887bb920) thrown at [./src/hotspot/share/prims/jni.cpp, line 617]
Event: 2.166 Thread 0x000001ee7c206800 Exception <a 'sun/nio/fs/WindowsException'{0x00000000887bc228}> (0x00000000887bc228) thrown at [./src/hotspot/share/prims/jni.cpp, line 617]
Event: 2.166 Thread 0x000001ee7c206800 Exception <a 'sun/nio/fs/WindowsException'{0x00000000887bcb60}> (0x00000000887bcb60) thrown at [./src/hotspot/share/prims/jni.cpp, line 617]
Event: 2.170 Thread 0x000001ee7c206800 Exception <a 'java/lang/NoSuchMethodError'{0x00000000887c3370}: 'void java.lang.invoke.DirectMethodHandle$Holder.invokeStatic(java.lang.Object, java.lang.Object, java.lang.Object, java.lang.Object)'> (0x00000000887c3370) thrown at [./src/hotspot/share/interpreter/linkResolver.cpp, line 773]
Event: 2.278 Thread 0x000001ee7c206800 Exception <a 'java/lang/NoSuchMethodError'{0x00000000883a4768}: 'void java.lang.invoke.DirectMethodHandle$Holder.invokeStaticInit(java.lang.Object, java.lang.Object)'> (0x00000000883a4768) thrown at [./src/hotspot/share/interpreter/linkResolver.cpp, line 773]
Event: 2.390 Thread 0x000001ee7c206800 Exception <a 'java/lang/NoSuchMethodError'{0x0000000087fc2080}: 'void java.lang.invoke.DirectMethodHandle$Holder.invokeVirtual(java.lang.Object, java.lang.Object)'> (0x0000000087fc2080) thrown at [./src/hotspot/share/interpreter/linkResolver.cpp, line 773]
Event: 2.415 Thread 0x000001ee7c206800 Exception <a 'java/lang/NoSuchMethodError'{0x0000000087e40880}: 'int java.lang.invoke.DirectMethodHandle$Holder.invokeVirtual(java.lang.Object, java.lang.Object)'> (0x0000000087e40880) thrown at [./src/hotspot/share/interpreter/linkResolver.cpp, line 773]
Event: 3.446 Thread 0x000001ee7c206800 Exception <a 'java/lang/NoSuchMethodError'{0x000000008959c5b0}: 'java.lang.Object java.lang.invoke.DirectMethodHandle$Holder.invokeVirtual(java.lang.Object, java.lang.Object, java.lang.Object)'> (0x000000008959c5b0) thrown at [./src/hotspot/share/interpreter/linkResolver.cpp, line 773]
Event: 4.441 Thread 0x000001ee7c206800 Exception <a 'java/lang/NoSuchMethodError'{0x0000000086e34868}: 'java.lang.Object java.lang.invoke.Invokers$Holder.linkToTargetMethod(java.lang.Object, int, java.lang.Object)'> (0x0000000086e34868) thrown at [./src/hotspot/share/interpreter/linkResolver.cpp, line 773]
Event: 4.591 Thread 0x000001ee7c206800 Exception <a 'java/lang/NoSuchMethodError'{0x0000000086cc2e60}: 'java.lang.Object java.lang.invoke.DirectMethodHandle$Holder.invokeStatic(java.lang.Object, java.lang.Object, java.lang.Object, int)'> (0x0000000086cc2e60) thrown at [./src/hotspot/share/interpreter/linkResolver.cpp, line 773]
Event: 4.591 Thread 0x000001ee7c206800 Exception <a 'java/lang/NoSuchMethodError'{0x0000000086cc6ad0}: 'java.lang.Object java.lang.invoke.DirectMethodHandle$Holder.invokeSpecial(java.lang.Object, java.lang.Object, java.lang.Object, java.lang.Object, int)'> (0x0000000086cc6ad0) thrown at [./src/hotspot/share/interpreter/linkResolver.cpp, line 773]
Event: 4.591 Thread 0x000001ee7c206800 Exception <a 'java/lang/NoSuchMethodError'{0x0000000086cc9de0}: 'java.lang.Object java.lang.invoke.Invokers$Holder.linkToTargetMethod(java.lang.Object, java.lang.Object, int, java.lang.Object)'> (0x0000000086cc9de0) thrown at [./src/hotspot/share/interpreter/linkResolver.cpp, line 773]
Event: 5.249 Thread 0x000001ee7c206800 Exception <a 'java/lang/NoSuchMethodError'{0x00000000887da038}: 'java.lang.Object java.lang.invoke.DirectMethodHandle$Holder.invokeSpecial(java.lang.Object, java.lang.Object, java.lang.Object, java.lang.Object, java.lang.Object, int)'> (0x00000000887da038) thrown at [./src/hotspot/share/interpreter/linkResolver.cpp, line 773]
Event: 5.249 Thread 0x000001ee7c206800 Exception <a 'java/lang/NoSuchMethodError'{0x00000000887ddbd8}: 'java.lang.Object java.lang.invoke.Invokers$Holder.linkToTargetMethod(java.lang.Object, java.lang.Object, java.lang.Object, int, java.lang.Object)'> (0x00000000887ddbd8) thrown at [./src/hotspot/share/interpreter/linkResolver.cpp, line 773]
Event: 5.523 Thread 0x000001ee7c206800 Exception <a 'java/lang/NoSuchMethodError'{0x00000000880f2590}: 'int java.lang.invoke.DirectMethodHandle$Holder.invokeVirtual(java.lang.Object, java.lang.Object, java.lang.Object)'> (0x00000000880f2590) thrown at [./src/hotspot/share/interpreter/linkResolver.cpp, line 773]
Event: 5.527 Thread 0x000001ee7c206800 Exception <a 'java/lang/NoSuchMethodError'{0x0000000087f1d848}: 'java.lang.Object java.lang.invoke.DirectMethodHandle$Holder.invokeStaticInit(java.lang.Object, java.lang.Object, java.lang.Object)'> (0x0000000087f1d848) thrown at [./src/hotspot/share/interpreter/linkResolver.cpp, line 773]
Event: 5.722 Thread 0x000001ee7c206800 Exception <a 'java/lang/NoSuchMethodError'{0x000000008652a310}: 'void java.lang.invoke.DirectMethodHandle$Holder.invokeInterface(java.lang.Object, java.lang.Object)'> (0x000000008652a310) thrown at [./src/hotspot/share/interpreter/linkResolver.cpp, line 773]

Events (20 events):
Event: 5.727 loading class java/util/stream/AbstractSpinedBuffer
Event: 5.727 loading class java/util/stream/AbstractSpinedBuffer done
Event: 5.727 loading class java/util/stream/SpinedBuffer done
Event: 5.727 loading class java/util/stream/Nodes$SpinedNodeBuilder done
Event: 5.727 loading class org/jetbrains/kotlin/com/intellij/psi/impl/compiled/FirstPassData
Event: 5.727 loading class org/jetbrains/kotlin/com/intellij/psi/impl/compiled/FirstPassData done
Event: 5.734 loading class org/jetbrains/kotlin/com/intellij/psi/impl/PsiClassImplUtil$MemberType
Event: 5.734 loading class org/jetbrains/kotlin/com/intellij/psi/impl/PsiClassImplUtil$MemberType done
Event: 5.734 loading class org/jetbrains/kotlin/com/intellij/psi/impl/PsiClassImplUtil$MemberType
Event: 5.734 loading class org/jetbrains/kotlin/com/intellij/psi/impl/PsiClassImplUtil$MemberType done
Event: 5.734 loading class org/jetbrains/kotlin/com/intellij/psi/impl/PsiClassImplUtil$MemberType
Event: 5.734 loading class org/jetbrains/kotlin/com/intellij/psi/impl/PsiClassImplUtil$MemberType done
Event: 5.734 loading class org/jetbrains/kotlin/com/intellij/psi/impl/PsiClassImplUtil$MemberCache
Event: 5.734 loading class org/jetbrains/kotlin/com/intellij/psi/impl/PsiClassImplUtil$MemberCache done
Event: 5.735 loading class org/jetbrains/kotlin/com/intellij/psi/ExternallyDefinedPsiElement
Event: 5.735 loading class org/jetbrains/kotlin/com/intellij/psi/ExternallyDefinedPsiElement done
Event: 5.741 loading class org/jetbrains/kotlin/com/intellij/psi/impl/compiled/SignatureParsing$TypeParameterDeclaration
Event: 5.741 loading class org/jetbrains/kotlin/com/intellij/psi/impl/compiled/SignatureParsing$TypeParameterDeclaration done
Event: 5.741 loading class org/jetbrains/kotlin/com/intellij/psi/impl/java/stubs/impl/PsiTypeParameterStubImpl
Event: 5.741 loading class org/jetbrains/kotlin/com/intellij/psi/impl/java/stubs/impl/PsiTypeParameterStubImpl done


Dynamic libraries:
0x00007ff6a9360000 - 0x00007ff6a936d000 	C:\Program Files\Microsoft\jdk-11.0.18.10-hotspot\bin\java.exe
0x00007ffca0c90000 - 0x00007ffca0ea4000 	C:\Windows\SYSTEM32\ntdll.dll
0x00007ffca0130000 - 0x00007ffca01f3000 	C:\Windows\System32\KERNEL32.DLL
0x00007ffc9e450000 - 0x00007ffc9e7ec000 	C:\Windows\System32\KERNELBASE.dll
0x00007ffc9e330000 - 0x00007ffc9e441000 	C:\Windows\System32\ucrtbase.dll
0x00007ffc85820000 - 0x00007ffc85835000 	C:\Program Files\Microsoft\jdk-11.0.18.10-hotspot\bin\VCRUNTIME140.dll
0x00007ffc83700000 - 0x00007ffc83717000 	C:\Program Files\Microsoft\jdk-11.0.18.10-hotspot\bin\jli.dll
0x00007ffc9fc90000 - 0x00007ffc9fe3d000 	C:\Windows\System32\USER32.dll
0x00007ffc9e190000 - 0x00007ffc9e1b6000 	C:\Windows\System32\win32u.dll
0x00007ffc7db30000 - 0x00007ffc7ddbe000 	C:\Windows\WinSxS\amd64_microsoft.windows.common-controls_6595b64144ccf1df_6.0.22621.608_none_a9444ca7c10bb01d\COMCTL32.dll
0x00007ffca0470000 - 0x00007ffca0499000 	C:\Windows\System32\GDI32.dll
0x00007ffc9ebd0000 - 0x00007ffc9ec77000 	C:\Windows\System32\msvcrt.dll
0x00007ffc9e980000 - 0x00007ffc9ea93000 	C:\Windows\System32\gdi32full.dll
0x00007ffc9e7f0000 - 0x00007ffc9e88a000 	C:\Windows\System32\msvcp_win.dll
0x00007ffca0630000 - 0x00007ffca0661000 	C:\Windows\System32\IMM32.DLL
0x00007ffc726e0000 - 0x00007ffc7277b000 	C:\Program Files\Microsoft\jdk-11.0.18.10-hotspot\bin\msvcp140.dll
0x00007ffc56b40000 - 0x00007ffc576d2000 	C:\Program Files\Microsoft\jdk-11.0.18.10-hotspot\bin\server\jvm.dll
0x00007ffca0670000 - 0x00007ffca071e000 	C:\Windows\System32\ADVAPI32.dll
0x00007ffca03c0000 - 0x00007ffca0464000 	C:\Windows\System32\sechost.dll
0x00007ffca0740000 - 0x00007ffca0855000 	C:\Windows\System32\RPCRT4.dll
0x00007ffc9ebc0000 - 0x00007ffc9ebc8000 	C:\Windows\System32\PSAPI.DLL
0x00007ffc85e70000 - 0x00007ffc85e79000 	C:\Windows\SYSTEM32\WSOCK32.dll
0x00007ffc9f470000 - 0x00007ffc9f4e1000 	C:\Windows\System32\WS2_32.dll
0x00007ffc96240000 - 0x00007ffc96274000 	C:\Windows\SYSTEM32\WINMM.dll
0x00007ffc96140000 - 0x00007ffc9614a000 	C:\Windows\SYSTEM32\VERSION.dll
0x00007ffc9d120000 - 0x00007ffc9d138000 	C:\Windows\SYSTEM32\kernel.appcore.dll
0x00007ffc85ca0000 - 0x00007ffc85cb0000 	C:\Program Files\Microsoft\jdk-11.0.18.10-hotspot\bin\verify.dll
0x00007ffc9b840000 - 0x00007ffc9ba6e000 	C:\Windows\SYSTEM32\DBGHELP.DLL
0x00007ffca0860000 - 0x00007ffca0be9000 	C:\Windows\System32\combase.dll
0x00007ffc9fe40000 - 0x00007ffc9ff17000 	C:\Windows\System32\OLEAUT32.dll
0x00007ffc82470000 - 0x00007ffc824a2000 	C:\Windows\SYSTEM32\dbgcore.DLL
0x00007ffc9e890000 - 0x00007ffc9e90b000 	C:\Windows\System32\bcryptPrimitives.dll
0x00007ffc7f3b0000 - 0x00007ffc7f3d8000 	C:\Program Files\Microsoft\jdk-11.0.18.10-hotspot\bin\java.dll
0x00007ffc85c00000 - 0x00007ffc85c0a000 	C:\Program Files\Microsoft\jdk-11.0.18.10-hotspot\bin\jimage.dll
0x00007ffc836e0000 - 0x00007ffc836f8000 	C:\Program Files\Microsoft\jdk-11.0.18.10-hotspot\bin\zip.dll
0x00007ffc9ec80000 - 0x00007ffc9f470000 	C:\Windows\System32\SHELL32.dll
0x00007ffc9c0e0000 - 0x00007ffc9c9ae000 	C:\Windows\SYSTEM32\windows.storage.dll
0x00007ffc9bfa0000 - 0x00007ffc9c0de000 	C:\Windows\SYSTEM32\wintypes.dll
0x00007ffc9ff80000 - 0x00007ffca0071000 	C:\Windows\System32\SHCORE.dll
0x00007ffca05c0000 - 0x00007ffca061e000 	C:\Windows\System32\shlwapi.dll
0x00007ffc9e000000 - 0x00007ffc9e021000 	C:\Windows\SYSTEM32\profapi.dll
0x00007ffc7a1b0000 - 0x00007ffc7a1c9000 	C:\Program Files\Microsoft\jdk-11.0.18.10-hotspot\bin\net.dll
0x00007ffc971c0000 - 0x00007ffc972ef000 	C:\Windows\SYSTEM32\WINHTTP.dll
0x00007ffc9d680000 - 0x00007ffc9d6e9000 	C:\Windows\system32\mswsock.dll
0x00007ffc7a190000 - 0x00007ffc7a1a3000 	C:\Program Files\Microsoft\jdk-11.0.18.10-hotspot\bin\nio.dll

dbghelp: loaded successfully - version: 4.0.5 - missing functions: none
symbol engine: initialized successfully - sym options: 0x614 - pdb path: .;C:\Program Files\Microsoft\jdk-11.0.18.10-hotspot\bin;C:\Windows\SYSTEM32;C:\Windows\WinSxS\amd64_microsoft.windows.common-controls_6595b64144ccf1df_6.0.22621.608_none_a9444ca7c10bb01d;C:\Program Files\Microsoft\jdk-11.0.18.10-hotspot\bin\server

VM Arguments:
java_command: org.jetbrains.kotlin.cli.jvm.K2JVMCompiler @C:\Users\kulde\Desktop\Coding\WebD\ReactNative\firstApp\node_modules\react-native-safe-area-context\android\build\20230323_15927754026507652477.compiler.options
java_class_path (initial): C:\Users\kulde\.gradle\caches\modules-2\files-2.1\org.jetbrains.kotlin\kotlin-compiler-embeddable\1.6.20\18f66cca4301c12893ebe4ef47d65c3d9d2bff9b\kotlin-compiler-embeddable-1.6.20.jar;C:\Users\kulde\.gradle\caches\modules-2\files-2.1\org.jetbrains.kotlin\kotlin-reflect\1.6.20\669965154723f1a712e8677af0cc5470dfdab81c\kotlin-reflect-1.6.20.jar;C:\Users\kulde\.gradle\caches\modules-2\files-2.1\org.jetbrains.kotlin\kotlin-stdlib\1.6.20\6cedc143badbb4f1c6b7f5a340b04edff1743208\kotlin-stdlib-1.6.20.jar;C:\Users\kulde\.gradle\caches\modules-2\files-2.1\org.jetbrains.kotlin\kotlin-script-runtime\1.6.20\a115c367e0fd9c8909293b208689afca0c88a6f1\kotlin-script-runtime-1.6.20.jar;C:\Users\kulde\.gradle\caches\modules-2\files-2.1\org.jetbrains.kotlin\kotlin-daemon-embeddable\1.6.20\d4cac343029f48f106c57f457384771165d7deb5\kotlin-daemon-embeddable-1.6.20.jar;C:\Users\kulde\.gradle\caches\modules-2\files-2.1\org.jetbrains.intellij.deps\trove4j\1.0.20200330\3afb14d5f9ceb459d724e907a21145e8ff394f02\trove4j-1.0.20200330.jar;C:\Users\kulde\.gradle\caches\modules-2\files-2.1\net.java.dev.jna\jna\5.6.0\330f2244e9030119ab3030fc3fededc86713d9cc\jna-5.6.0.jar;C:\Users\kulde\.gradle\caches\modules-2\files-2.1\org.jetbrains.kotlin\kotlin-stdlib-common\1.6.20\27b4562b6713d70f458c6d7ea39aadacb8e6a92b\kotlin-stdlib-common-1.6.20.jar;C:\Users\kulde\.gradle\caches\modules-2\files-2.1\org.jetbrains\annotations\13.0\919f0dfe192fb4e063e7dacadee7f8bb9a2672a9\annotations-13.0.jar
Launcher Type: SUN_STANDARD

[Global flags]
     intx CICompilerCount                          = 4                                         {product} {ergonomic}
     uint ConcGCThreads                            = 2                                         {product} {ergonomic}
     uint G1ConcRefinementThreads                  = 8                                         {product} {ergonomic}
   size_t G1HeapRegionSize                         = 1048576                                   {product} {ergonomic}
    uintx GCDrainStackTargetSize                   = 64                                        {product} {ergonomic}
   size_t InitialHeapSize                          = 134217728                                 {product} {ergonomic}
   size_t MarkStackSize                            = 4194304                                   {product} {ergonomic}
   size_t MaxHeapSize                              = 2124414976                                {product} {ergonomic}
   size_t MaxNewSize                               = 1274019840                                {product} {ergonomic}
   size_t MinHeapDeltaBytes                        = 1048576                                   {product} {ergonomic}
    uintx NonNMethodCodeHeapSize                   = 5836300                                {pd product} {ergonomic}
    uintx NonProfiledCodeHeapSize                  = 122910970                              {pd product} {ergonomic}
    uintx ProfiledCodeHeapSize                     = 122910970                              {pd product} {ergonomic}
    uintx ReservedCodeCacheSize                    = 251658240                              {pd product} {ergonomic}
     bool SegmentedCodeCache                       = true                                      {product} {ergonomic}
     bool UseCompressedClassPointers               = true                                 {lp64_product} {ergonomic}
     bool UseCompressedOops                        = true                                 {lp64_product} {ergonomic}
     bool UseG1GC                                  = true                                      {product} {ergonomic}
     bool UseLargePagesIndividualAllocation        = false                                  {pd product} {ergonomic}

Logging:
Log output configuration:
 #0: stdout all=warning uptime,level,tags
 #1: stderr all=off uptime,level,tags

Environment Variables:
JAVA_HOME=C:\Program Files\Microsoft\jdk-11.0.18.10-hotspot\
CLASSPATH=C:\Users\kulde\Desktop\Coding\WebD\ReactNative\firstApp\android\\gradle\wrapper\gradle-wrapper.jar
PATH=C:\Users\kulde\Desktop\Coding\WebD\ReactNative\firstApp\android\node_modules\.bin;C:\Users\kulde\Desktop\Coding\WebD\ReactNative\firstApp\node_modules\.bin;C:\Users\kulde\Desktop\Coding\WebD\ReactNative\node_modules\.bin;C:\Users\kulde\Desktop\Coding\WebD\node_modules\.bin;C:\Users\kulde\Desktop\Coding\node_modules\.bin;C:\Users\kulde\Desktop\node_modules\.bin;C:\Users\kulde\node_modules\.bin;C:\Users\node_modules\.bin;C:\node_modules\.bin;C:\Program Files\nodejs;C:\Users\kulde\Desktop\Coding\WebD\ReactNative\firstApp\node_modules\.bin;C:\Users\kulde\Desktop\Coding\WebD\ReactNative\firstApp\node_modules\.bin;C:\Users\kulde\Desktop\Coding\WebD\ReactNative\node_modules\.bin;C:\Users\kulde\Desktop\Coding\WebD\node_modules\.bin;C:\Users\kulde\Desktop\Coding\node_modules\.bin;C:\Users\kulde\Desktop\node_modules\.bin;C:\Users\kulde\node_modules\.bin;C:\Users\node_modules\.bin;C:\node_modules\.bin;C:\Program Files\nodejs\node_modules\npm\node_modules\@npmcli\run-script\lib\node-gyp-bin;C:\Program Files\Microsoft\jdk-11.0.18.10-hotspot\bin;C:\Windows\system32;C:\Windows;C:\Windows\System32\Wbem;C:\Windows\System32\WindowsPowerShell\v1.0\;C:\Windows\System32\OpenSSH\;C:\Program Files\Git\cmd;C:\Program Files\Cloudflare\Cloudflare WARP\;;C:\Program Files (x86)\NVIDIA Corporation\PhysX\Common;C:\Program Files\PuTTY\;C:\ProgramData\chocolatey\bin;C:\Program Files\nodejs\;C:\Program Files\MySQL\MySQL Shell 8.0\bin\;C:\Users\kulde\AppData\Local\Programs\Python\Python310\Scripts\;C:\Users\kulde\AppData\Local\Programs\Python\Python310\;C:\Users\kulde\AppData\Local\Microsoft\WindowsApps;C:\Users\kulde\AppData\Local\Programs\Microsoft VS Code\bin;C:\MinGW\bin;C:\Program Files\JetBrains\IntelliJ IDEA Community Edition 2022.2.4\bin;;C:\Users\kulde\miniconda3\Scripts;C:\Users\kulde\miniconda3;C:\Users\kulde\AppData\Local\Android\Sdk\platform-tools;C:\Users\kulde\AppData\Roaming\npm;C:\src\flutter\bin;C:\tools\dart-sdk\bin;C:\Users\kulde\AppData\Roaming\Pub\Cache\bin;
USERNAME=kulde
LANG=en_US.UTF-8
OS=Windows_NT
PROCESSOR_IDENTIFIER=Intel64 Family 6 Model 158 Stepping 10, GenuineIntel
TMP=C:\Users\kulde\AppData\Local\Temp
TEMP=C:\Users\kulde\AppData\Local\Temp



---------------  S Y S T E M  ---------------

OS: Windows 11 , 64 bit Build 22621 (10.0.22621.1344)
OS uptime: 4 days 0:30 hours

CPU:total 8 (initial active 8) (4 cores per cpu, 2 threads per core) family 6 model 158 stepping 10 microcode 0xf0, cmov, cx8, fxsr, mmx, sse, sse2, sse3, ssse3, sse4.1, sse4.2, popcnt, avx, avx2, aes, clmul, erms, 3dnowpref, lzcnt, ht, tsc, tscinvbit, bmi1, bmi2, adx, fma

Memory: 4k page, system-wide physical 8103M (309M free)
TotalPageFile size 16197M (AvailPageFile size 4M)
current process WorkingSet (physical memory assigned to process): 218M, peak: 221M
current process commit charge ("private bytes"): 307M, peak: 309M

vm_info: OpenJDK 64-Bit Server VM (11.0.18+10-LTS) for windows-amd64 JRE (11.0.18+10-LTS), built on Jan 18 2023 15:56:47 by "MicrosoftCorporation" with MS VC++ 15.9 (VS2017)

END.
